


ARM Macro Assembler    Page 1 


    1 00000000         ;*******************************************************
                       ***********************
    2 00000000         ;* File Name          : startup_py32f003.s
    3 00000000         ;* Author             : MCD Application Team
    4 00000000         ;* Description        : PY32F003 devices vector table fo
                       r MDK-ARM toolchain.
    5 00000000         ;*                      This module performs:
    6 00000000         ;*                      - Set the initial SP
    7 00000000         ;*                      - Set the initial PC == Reset_Ha
                       ndler
    8 00000000         ;*                      - Set the vector table entries w
                       ith the exceptions ISR address
    9 00000000         ;*                      - Branches to __main in the C li
                       brary (which eventually
   10 00000000         ;*                        calls main()).
   11 00000000         ;*                      After Reset the CortexM0+ proces
                       sor is in Thread mode,
   12 00000000         ;*                      priority is Privileged, and the 
                       Stack is set to Main.
   13 00000000         ;*******************************************************
                       *********************** 
   14 00000000         ;* @attention
   15 00000000         ;*
   16 00000000         ;* <h2><center>&copy; Copyright (c) Puya Semiconductor C
                       o.
   17 00000000         ;* All rights reserved.</center></h2>
   18 00000000         ;*
   19 00000000         ;* This software is owned and published by:
   20 00000000         ;* Puya Semiconductor Co., Ltd.
   21 00000000         ;* Redistribution and use in source and binary forms, wi
                       th or without
   22 00000000         ;* modification, are permitted provided that the followi
                       ng conditions are met:
   23 00000000         ;*
   24 00000000         ;*  1. Redistributions of source code must retain the ab
                       ove copyright notice,
   25 00000000         ;*     this list of conditions and the following disclai
                       mer.
   26 00000000         ;*  2. Redistributions in binary form must reproduce the
                        above copyright notice,
   27 00000000         ;*     this list of conditions and the following disclai
                       mer in the documentation
   28 00000000         ;*     and/or other materials provided with the distribu
                       tion.
   29 00000000         ;*  3. Neither the name of the copyright holder nor the 
                       names of its contributors
   30 00000000         ;*     may be used to endorse or promote products derive
                       d from this software
   31 00000000         ;*     without specific prior written permission.
   32 00000000         ;*
   33 00000000         ;*  THIS SOFTWARE IS PROVIDED BY THE COPYRIGHT HOLDERS A
                       ND CONTRIBUTORS "AS IS"
   34 00000000         ;*  AND ANY EXPRESS OR IMPLIED WARRANTIES, INCLUDING, BU
                       T NOT LIMITED TO, THE
   35 00000000         ;*  IMPLIED WARRANTIES OF MERCHANTABILITY AND FITNESS FO
                       R A PARTICULAR PURPOSE
   36 00000000         ;*  ARE DISCLAIMED. IN NO EVENT SHALL THE COPYRIGHT HOLD
                       ER OR CONTRIBUTORS BE
   37 00000000         ;*  LIABLE FOR ANY DIRECT, INDIRECT, INCIDENTAL, SPECIAL



ARM Macro Assembler    Page 2 


                       , EXEMPLARY, OR
   38 00000000         ;*  CONSEQUENTIAL DAMAGES (INCLUDING, BUT NOT LIMITED TO
                       , PROCUREMENT OF
   39 00000000         ;*  SUBSTITUTE GOODS OR SERVICES; LOSS OF USE, DATA, OR 
                       PROFITS; OR BUSINESS
   40 00000000         ;*  INTERRUPTION) HOWEVER CAUSED AND ON ANY THEORY OF LI
                       ABILITY, WHETHER IN
   41 00000000         ;*  CONTRACT, STRICT LIABILITY, OR TORT (INCLUDING NEGLI
                       GENCE OR OTHERWISE)
   42 00000000         ;*  ARISING IN ANY WAY OUT OF THE USE OF THIS SOFTWARE, 
                       EVEN IF ADVISED OF THE
   43 00000000         ;*  POSSIBILITY OF SUCH DAMAGE.
   44 00000000         ;*
   45 00000000         ;*******************************************************
                       ***********************
   46 00000000         ;*/
   47 00000000         ; Amount of memory (in bytes) allocated for Stack
   48 00000000         ; Tailor this value to your application needs
   49 00000000         ; <h> Stack Configuration
   50 00000000         ;   <o> Stack Size (in Bytes) <0x0-0xFFFFFFFF:8>
   51 00000000         ; </h>
   52 00000000         
   53 00000000 00000400 
                       Stack_Size
                               EQU              0x00000400
   54 00000000         
   55 00000000                 AREA             STACK, NOINIT, READWRITE, ALIGN
=3
   56 00000000         Stack_Mem
                               SPACE            Stack_Size
   57 00000400         __initial_sp
   58 00000400         
   59 00000400         
   60 00000400         ; <h> Heap Configuration
   61 00000400         ;   <o>  Heap Size (in Bytes) <0x0-0xFFFFFFFF:8>
   62 00000400         ; </h>
   63 00000400         
   64 00000400 00000000 
                       Heap_Size
                               EQU              0x00000000
   65 00000400         
   66 00000400                 AREA             HEAP, NOINIT, READWRITE, ALIGN=
3
   67 00000000         __heap_base
   68 00000000         Heap_Mem
                               SPACE            Heap_Size
   69 00000000         __heap_limit
   70 00000000         
   71 00000000         
   72 00000000                 PRESERVE8
   73 00000000                 THUMB
   74 00000000         
   75 00000000         ; Vector Table Mapped to Address 0 at Reset
   76 00000000         
   77 00000000                 AREA             RESET, DATA, READONLY
   78 00000000                 EXPORT           __Vectors
   79 00000000                 EXPORT           __Vectors_End
   80 00000000                 EXPORT           __Vectors_Size
   81 00000000         



ARM Macro Assembler    Page 3 


   82 00000000 00000000 
                       __Vectors
                               DCD              __initial_sp ; Top of Stack
   83 00000004 00000000        DCD              Reset_Handler ; Reset Handler
   84 00000008 00000000        DCD              NMI_Handler ; NMI Handler
   85 0000000C 00000000        DCD              HardFault_Handler ; Hard Fault 
                                                            Handler
   86 00000010 00000000        DCD              0           ; Reserved
   87 00000014 00000000        DCD              0           ; Reserved
   88 00000018 00000000        DCD              0           ; Reserved
   89 0000001C 00000000        DCD              0           ; Reserved
   90 00000020 00000000        DCD              0           ; Reserved
   91 00000024 00000000        DCD              0           ; Reserved
   92 00000028 00000000        DCD              0           ; Reserved
   93 0000002C 00000000        DCD              SVC_Handler ; SVCall Handler
   94 00000030 00000000        DCD              0           ; Reserved
   95 00000034 00000000        DCD              0           ; Reserved
   96 00000038 00000000        DCD              PendSV_Handler ; PendSV Handler
                                                            
   97 0000003C 00000000        DCD              SysTick_Handler 
                                                            ; SysTick Handler
   98 00000040         
   99 00000040         ; External Interrupts
  100 00000040 00000000        DCD              WWDG_IRQHandler 
                                                            ; 0Window Watchdog
  101 00000044 00000000        DCD              PVD_IRQHandler ; 1PVD through E
                                                            XTI Line detect
  102 00000048 00000000        DCD              RTC_IRQHandler ; 2RTC through E
                                                            XTI Line
  103 0000004C 00000000        DCD              FLASH_IRQHandler ; 3FLASH
  104 00000050 00000000        DCD              RCC_IRQHandler ; 4RCC
  105 00000054 00000000        DCD              EXTI0_1_IRQHandler ; 5EXTI Line
                                                             0 and 1
  106 00000058 00000000        DCD              EXTI2_3_IRQHandler ; 6EXTI Line
                                                             2 and 3
  107 0000005C 00000000        DCD              EXTI4_15_IRQHandler ; 7EXTI Lin
                                                            e 4 to 15
  108 00000060 00000000        DCD              0           ; 8Reserved 
  109 00000064 00000000        DCD              DMA1_Channel1_IRQHandler 
                                                            ; 9DMA1 Channel 1
  110 00000068 00000000        DCD              DMA1_Channel2_3_IRQHandler ; 10
                                                            DMA1 Channel 2 and 
                                                            Channel 3
  111 0000006C 00000000        DCD              0           ; 11Reserved 
  112 00000070 00000000        DCD              ADC_COMP_IRQHandler 
                                                            ; 12ADC&COMP1 
  113 00000074 00000000        DCD              TIM1_BRK_UP_TRG_COM_IRQHandler 
                                                            ; 13TIM1 Break, Upd
                                                            ate, Trigger and Co
                                                            mmutation
  114 00000078 00000000        DCD              TIM1_CC_IRQHandler ; 14TIM1 Cap
                                                            ture Compare
  115 0000007C 00000000        DCD              0           ; 15Reserved 
  116 00000080 00000000        DCD              TIM3_IRQHandler ; 16TIM3
  117 00000084 00000000        DCD              TIM6_LPTIM_IRQHandler 
                                                            ; 17TIM6 & LPTIM
  118 00000088 00000000        DCD              0           ; 18Reserved 
  119 0000008C 00000000        DCD              TIM14_IRQHandler ; 19TIM14
  120 00000090 00000000        DCD              0           ; 20Reserved 



ARM Macro Assembler    Page 4 


  121 00000094 00000000        DCD              TIM16_IRQHandler ; 21TIM16
  122 00000098 00000000        DCD              TIM17_IRQHandler ; 22TIM17
  123 0000009C 00000000        DCD              I2C1_IRQHandler ; 23I2C1
  124 000000A0 00000000        DCD              0           ; 24Reserved 
  125 000000A4 00000000        DCD              SPI1_IRQHandler ; 25SPI1
  126 000000A8 00000000        DCD              SPI2_IRQHandler ; 26SPI2
  127 000000AC 00000000        DCD              USART1_IRQHandler ; 27USART1
  128 000000B0 00000000        DCD              USART2_IRQHandler ; 28USART2
  129 000000B4 00000000        DCD              LPUART_IRQHandler ; 29LPUART
  130 000000B8 00000000        DCD              LED_IRQHandler ; 30LED
  131 000000BC 00000000        DCD              0           ; 
  132 000000C0         __Vectors_End
  133 000000C0         
  134 000000C0 000000C0 
                       __Vectors_Size
                               EQU              __Vectors_End - __Vectors
  135 000000C0         
  136 000000C0                 AREA             |.text|, CODE, READONLY
  137 00000000         
  138 00000000         
  139 00000000         ; Reset Handler
  140 00000000         
  141 00000000         Reset_Handler
                               PROC
  142 00000000                 EXPORT           Reset_Handler             [WEAK
]
  143 00000000                 IMPORT           SystemInit
  144 00000000                 IMPORT           __main
  145 00000000 4804            LDR              R0, =SystemInit
  146 00000002 4780            BLX              R0
  147 00000004 4804            LDR              R0, =__main
  148 00000006 4700            BX               R0
  149 00000008                 ENDP
  150 00000008         
  151 00000008         
  152 00000008         ; Dummy Exception Handlers (infinite loops which can be 
                       modified)
  153 00000008         
  154 00000008         NMI_Handler
                               PROC
  155 00000008                 EXPORT           NMI_Handler               [WEAK
]
  156 00000008 E7FE            B                .
  157 0000000A                 ENDP
  159 0000000A         HardFault_Handler
                               PROC
  160 0000000A                 EXPORT           HardFault_Handler         [WEAK
]
  161 0000000A E7FE            B                .
  162 0000000C                 ENDP
  163 0000000C         SVC_Handler
                               PROC
  164 0000000C                 EXPORT           SVC_Handler               [WEAK
]
  165 0000000C E7FE            B                .
  166 0000000E                 ENDP
  167 0000000E         PendSV_Handler
                               PROC
  168 0000000E                 EXPORT           PendSV_Handler            [WEAK



ARM Macro Assembler    Page 5 


]
  169 0000000E E7FE            B                .
  170 00000010                 ENDP
  171 00000010         SysTick_Handler
                               PROC
  172 00000010                 EXPORT           SysTick_Handler           [WEAK
]
  173 00000010 E7FE            B                .
  174 00000012                 ENDP
  175 00000012         
  176 00000012         Default_Handler
                               PROC
  177 00000012         
  178 00000012                 EXPORT           WWDG_IRQHandler                
[WEAK]
  179 00000012                 EXPORT           PVD_IRQHandler                 
[WEAK]
  180 00000012                 EXPORT           RTC_IRQHandler                [
WEAK]
  181 00000012                 EXPORT           FLASH_IRQHandler               
[WEAK]
  182 00000012                 EXPORT           RCC_IRQHandler                 
[WEAK]
  183 00000012                 EXPORT           EXTI0_1_IRQHandler             
[WEAK]
  184 00000012                 EXPORT           EXTI2_3_IRQHandler             
[WEAK]
  185 00000012                 EXPORT           EXTI4_15_IRQHandler            
[WEAK]
  186 00000012         
  187 00000012                 EXPORT           DMA1_Channel1_IRQHandler       
[WEAK]
  188 00000012                 EXPORT           DMA1_Channel2_3_IRQHandler     
[WEAK]
  189 00000012         
  190 00000012                 EXPORT           ADC_COMP_IRQHandler            
[WEAK]
  191 00000012                 EXPORT           TIM1_BRK_UP_TRG_COM_IRQHandler 
[WEAK]
  192 00000012                 EXPORT           TIM1_CC_IRQHandler             
[WEAK]
  193 00000012         
  194 00000012                 EXPORT           TIM3_IRQHandler                
[WEAK]
  195 00000012                 EXPORT           TIM6_LPTIM_IRQHandler          
[WEAK]
  196 00000012         
  197 00000012                 EXPORT           TIM14_IRQHandler               
[WEAK]
  198 00000012         
  199 00000012                 EXPORT           TIM16_IRQHandler               
[WEAK]
  200 00000012                 EXPORT           TIM17_IRQHandler               
[WEAK]
  201 00000012                 EXPORT           I2C1_IRQHandler                
[WEAK]
  202 00000012         
  203 00000012                 EXPORT           SPI1_IRQHandler                
[WEAK]



ARM Macro Assembler    Page 6 


  204 00000012                 EXPORT           SPI2_IRQHandler                
[WEAK]
  205 00000012                 EXPORT           USART1_IRQHandler              
[WEAK]
  206 00000012                 EXPORT           USART2_IRQHandler              
[WEAK]
  207 00000012                 EXPORT           LPUART_IRQHandler              
[WEAK]
  208 00000012                 EXPORT           LED_IRQHandler                 
[WEAK]
  209 00000012         
  210 00000012         WWDG_IRQHandler
  211 00000012         PVD_IRQHandler
  212 00000012         RTC_IRQHandler
  213 00000012         FLASH_IRQHandler
  214 00000012         RCC_IRQHandler
  215 00000012         EXTI0_1_IRQHandler
  216 00000012         EXTI2_3_IRQHandler
  217 00000012         EXTI4_15_IRQHandler
  218 00000012         
  219 00000012         DMA1_Channel1_IRQHandler
  220 00000012         DMA1_Channel2_3_IRQHandler
  221 00000012         
  222 00000012         ADC_COMP_IRQHandler
  223 00000012         TIM1_BRK_UP_TRG_COM_IRQHandler
  224 00000012         TIM1_CC_IRQHandler
  225 00000012         
  226 00000012         TIM3_IRQHandler
  227 00000012         TIM6_LPTIM_IRQHandler
  228 00000012         
  229 00000012         TIM14_IRQHandler
  230 00000012         
  231 00000012         TIM16_IRQHandler
  232 00000012         TIM17_IRQHandler
  233 00000012         I2C1_IRQHandler
  234 00000012         
  235 00000012         SPI1_IRQHandler
  236 00000012         SPI2_IRQHandler
  237 00000012         USART1_IRQHandler
  238 00000012         USART2_IRQHandler
  239 00000012         LPUART_IRQHandler
  240 00000012         LED_IRQHandler
  241 00000012 E7FE            B                .
  242 00000014                 ENDP
  243 00000014         
  244 00000014         
  245 00000014                 ALIGN
  246 00000014         
  247 00000014         
  248 00000014         ; User Initial Stack & Heap
  249 00000014         
  250 00000014                 IF               :DEF:__MICROLIB
  251 00000014         
  252 00000014                 EXPORT           __initial_sp
  253 00000014                 EXPORT           __heap_base
  254 00000014                 EXPORT           __heap_limit
  255 00000014         
  256 00000014                 ELSE
  270                          ENDIF



ARM Macro Assembler    Page 7 


  271 00000014         
  272 00000014         
  273 00000014                 END
              00000000 
              00000000 
Command Line: --debug --xref --diag_suppress=9931 --cpu=Cortex-M0+ --apcs=inter
work --depend=.\objects\startup_py32f003.d -o.\objects\startup_py32f003.o -I.\R
TE\_XenD101 -ID:\Keil_v5\ARM\PACK\ARM\CMSIS\5.9.0\CMSIS\Core\Include -ID:\Keil_
v5\ARM\PACK\Puya\PY32F0xx_DFP\1.0.1\Device\Include --predefine="__MICROLIB SETA
 1" --predefine="__UVISION_VERSION SETA 525" --predefine="_RTE_ SETA 1" --list=
.\listings\startup_py32f003.lst ..\..\Driver\py32f003\CMSIS\Device\PY32F003\Sou
rce\ARM\startup_py32f003.s



ARM Macro Assembler    Page 1 Alphabetic symbol ordering
Relocatable symbols

STACK 00000000

Symbol: STACK
   Definitions
      At line 55 in file ..\..\Driver\py32f003\CMSIS\Device\PY32F003\Source\ARM
\startup_py32f003.s
   Uses
      None
Comment: STACK unused
Stack_Mem 00000000

Symbol: Stack_Mem
   Definitions
      At line 56 in file ..\..\Driver\py32f003\CMSIS\Device\PY32F003\Source\ARM
\startup_py32f003.s
   Uses
      None
Comment: Stack_Mem unused
__initial_sp 00000400

Symbol: __initial_sp
   Definitions
      At line 57 in file ..\..\Driver\py32f003\CMSIS\Device\PY32F003\Source\ARM
\startup_py32f003.s
   Uses
      At line 82 in file ..\..\Driver\py32f003\CMSIS\Device\PY32F003\Source\ARM
\startup_py32f003.s
      At line 252 in file ..\..\Driver\py32f003\CMSIS\Device\PY32F003\Source\AR
M\startup_py32f003.s

3 symbols



ARM Macro Assembler    Page 1 Alphabetic symbol ordering
Relocatable symbols

HEAP 00000000

Symbol: HEAP
   Definitions
      At line 66 in file ..\..\Driver\py32f003\CMSIS\Device\PY32F003\Source\ARM
\startup_py32f003.s
   Uses
      None
Comment: HEAP unused
Heap_Mem 00000000

Symbol: Heap_Mem
   Definitions
      At line 68 in file ..\..\Driver\py32f003\CMSIS\Device\PY32F003\Source\ARM
\startup_py32f003.s
   Uses
      None
Comment: Heap_Mem unused
__heap_base 00000000

Symbol: __heap_base
   Definitions
      At line 67 in file ..\..\Driver\py32f003\CMSIS\Device\PY32F003\Source\ARM
\startup_py32f003.s
   Uses
      At line 253 in file ..\..\Driver\py32f003\CMSIS\Device\PY32F003\Source\AR
M\startup_py32f003.s
Comment: __heap_base used once
__heap_limit 00000000

Symbol: __heap_limit
   Definitions
      At line 69 in file ..\..\Driver\py32f003\CMSIS\Device\PY32F003\Source\ARM
\startup_py32f003.s
   Uses
      At line 254 in file ..\..\Driver\py32f003\CMSIS\Device\PY32F003\Source\AR
M\startup_py32f003.s
Comment: __heap_limit used once
4 symbols



ARM Macro Assembler    Page 1 Alphabetic symbol ordering
Relocatable symbols

RESET 00000000

Symbol: RESET
   Definitions
      At line 77 in file ..\..\Driver\py32f003\CMSIS\Device\PY32F003\Source\ARM
\startup_py32f003.s
   Uses
      None
Comment: RESET unused
__Vectors 00000000

Symbol: __Vectors
   Definitions
      At line 82 in file ..\..\Driver\py32f003\CMSIS\Device\PY32F003\Source\ARM
\startup_py32f003.s
   Uses
      At line 78 in file ..\..\Driver\py32f003\CMSIS\Device\PY32F003\Source\ARM
\startup_py32f003.s
      At line 134 in file ..\..\Driver\py32f003\CMSIS\Device\PY32F003\Source\AR
M\startup_py32f003.s

__Vectors_End 000000C0

Symbol: __Vectors_End
   Definitions
      At line 132 in file ..\..\Driver\py32f003\CMSIS\Device\PY32F003\Source\AR
M\startup_py32f003.s
   Uses
      At line 79 in file ..\..\Driver\py32f003\CMSIS\Device\PY32F003\Source\ARM
\startup_py32f003.s
      At line 134 in file ..\..\Driver\py32f003\CMSIS\Device\PY32F003\Source\AR
M\startup_py32f003.s

3 symbols



ARM Macro Assembler    Page 1 Alphabetic symbol ordering
Relocatable symbols

.text 00000000

Symbol: .text
   Definitions
      At line 136 in file ..\..\Driver\py32f003\CMSIS\Device\PY32F003\Source\AR
M\startup_py32f003.s
   Uses
      None
Comment: .text unused
ADC_COMP_IRQHandler 00000012

Symbol: ADC_COMP_IRQHandler
   Definitions
      At line 222 in file ..\..\Driver\py32f003\CMSIS\Device\PY32F003\Source\AR
M\startup_py32f003.s
   Uses
      At line 112 in file ..\..\Driver\py32f003\CMSIS\Device\PY32F003\Source\AR
M\startup_py32f003.s
      At line 190 in file ..\..\Driver\py32f003\CMSIS\Device\PY32F003\Source\AR
M\startup_py32f003.s

DMA1_Channel1_IRQHandler 00000012

Symbol: DMA1_Channel1_IRQHandler
   Definitions
      At line 219 in file ..\..\Driver\py32f003\CMSIS\Device\PY32F003\Source\AR
M\startup_py32f003.s
   Uses
      At line 109 in file ..\..\Driver\py32f003\CMSIS\Device\PY32F003\Source\AR
M\startup_py32f003.s
      At line 187 in file ..\..\Driver\py32f003\CMSIS\Device\PY32F003\Source\AR
M\startup_py32f003.s

DMA1_Channel2_3_IRQHandler 00000012

Symbol: DMA1_Channel2_3_IRQHandler
   Definitions
      At line 220 in file ..\..\Driver\py32f003\CMSIS\Device\PY32F003\Source\AR
M\startup_py32f003.s
   Uses
      At line 110 in file ..\..\Driver\py32f003\CMSIS\Device\PY32F003\Source\AR
M\startup_py32f003.s
      At line 188 in file ..\..\Driver\py32f003\CMSIS\Device\PY32F003\Source\AR
M\startup_py32f003.s

Default_Handler 00000012

Symbol: Default_Handler
   Definitions
      At line 176 in file ..\..\Driver\py32f003\CMSIS\Device\PY32F003\Source\AR
M\startup_py32f003.s
   Uses
      None
Comment: Default_Handler unused
EXTI0_1_IRQHandler 00000012

Symbol: EXTI0_1_IRQHandler
   Definitions
      At line 215 in file ..\..\Driver\py32f003\CMSIS\Device\PY32F003\Source\AR



ARM Macro Assembler    Page 2 Alphabetic symbol ordering
Relocatable symbols

M\startup_py32f003.s
   Uses
      At line 105 in file ..\..\Driver\py32f003\CMSIS\Device\PY32F003\Source\AR
M\startup_py32f003.s
      At line 183 in file ..\..\Driver\py32f003\CMSIS\Device\PY32F003\Source\AR
M\startup_py32f003.s

EXTI2_3_IRQHandler 00000012

Symbol: EXTI2_3_IRQHandler
   Definitions
      At line 216 in file ..\..\Driver\py32f003\CMSIS\Device\PY32F003\Source\AR
M\startup_py32f003.s
   Uses
      At line 106 in file ..\..\Driver\py32f003\CMSIS\Device\PY32F003\Source\AR
M\startup_py32f003.s
      At line 184 in file ..\..\Driver\py32f003\CMSIS\Device\PY32F003\Source\AR
M\startup_py32f003.s

EXTI4_15_IRQHandler 00000012

Symbol: EXTI4_15_IRQHandler
   Definitions
      At line 217 in file ..\..\Driver\py32f003\CMSIS\Device\PY32F003\Source\AR
M\startup_py32f003.s
   Uses
      At line 107 in file ..\..\Driver\py32f003\CMSIS\Device\PY32F003\Source\AR
M\startup_py32f003.s
      At line 185 in file ..\..\Driver\py32f003\CMSIS\Device\PY32F003\Source\AR
M\startup_py32f003.s

FLASH_IRQHandler 00000012

Symbol: FLASH_IRQHandler
   Definitions
      At line 213 in file ..\..\Driver\py32f003\CMSIS\Device\PY32F003\Source\AR
M\startup_py32f003.s
   Uses
      At line 103 in file ..\..\Driver\py32f003\CMSIS\Device\PY32F003\Source\AR
M\startup_py32f003.s
      At line 181 in file ..\..\Driver\py32f003\CMSIS\Device\PY32F003\Source\AR
M\startup_py32f003.s

HardFault_Handler 0000000A

Symbol: HardFault_Handler
   Definitions
      At line 159 in file ..\..\Driver\py32f003\CMSIS\Device\PY32F003\Source\AR
M\startup_py32f003.s
   Uses
      At line 85 in file ..\..\Driver\py32f003\CMSIS\Device\PY32F003\Source\ARM
\startup_py32f003.s
      At line 160 in file ..\..\Driver\py32f003\CMSIS\Device\PY32F003\Source\AR
M\startup_py32f003.s

I2C1_IRQHandler 00000012

Symbol: I2C1_IRQHandler
   Definitions



ARM Macro Assembler    Page 3 Alphabetic symbol ordering
Relocatable symbols

      At line 233 in file ..\..\Driver\py32f003\CMSIS\Device\PY32F003\Source\AR
M\startup_py32f003.s
   Uses
      At line 123 in file ..\..\Driver\py32f003\CMSIS\Device\PY32F003\Source\AR
M\startup_py32f003.s
      At line 201 in file ..\..\Driver\py32f003\CMSIS\Device\PY32F003\Source\AR
M\startup_py32f003.s

LED_IRQHandler 00000012

Symbol: LED_IRQHandler
   Definitions
      At line 240 in file ..\..\Driver\py32f003\CMSIS\Device\PY32F003\Source\AR
M\startup_py32f003.s
   Uses
      At line 130 in file ..\..\Driver\py32f003\CMSIS\Device\PY32F003\Source\AR
M\startup_py32f003.s
      At line 208 in file ..\..\Driver\py32f003\CMSIS\Device\PY32F003\Source\AR
M\startup_py32f003.s

LPUART_IRQHandler 00000012

Symbol: LPUART_IRQHandler
   Definitions
      At line 239 in file ..\..\Driver\py32f003\CMSIS\Device\PY32F003\Source\AR
M\startup_py32f003.s
   Uses
      At line 129 in file ..\..\Driver\py32f003\CMSIS\Device\PY32F003\Source\AR
M\startup_py32f003.s
      At line 207 in file ..\..\Driver\py32f003\CMSIS\Device\PY32F003\Source\AR
M\startup_py32f003.s

NMI_Handler 00000008

Symbol: NMI_Handler
   Definitions
      At line 154 in file ..\..\Driver\py32f003\CMSIS\Device\PY32F003\Source\AR
M\startup_py32f003.s
   Uses
      At line 84 in file ..\..\Driver\py32f003\CMSIS\Device\PY32F003\Source\ARM
\startup_py32f003.s
      At line 155 in file ..\..\Driver\py32f003\CMSIS\Device\PY32F003\Source\AR
M\startup_py32f003.s

PVD_IRQHandler 00000012

Symbol: PVD_IRQHandler
   Definitions
      At line 211 in file ..\..\Driver\py32f003\CMSIS\Device\PY32F003\Source\AR
M\startup_py32f003.s
   Uses
      At line 101 in file ..\..\Driver\py32f003\CMSIS\Device\PY32F003\Source\AR
M\startup_py32f003.s
      At line 179 in file ..\..\Driver\py32f003\CMSIS\Device\PY32F003\Source\AR
M\startup_py32f003.s

PendSV_Handler 0000000E

Symbol: PendSV_Handler



ARM Macro Assembler    Page 4 Alphabetic symbol ordering
Relocatable symbols

   Definitions
      At line 167 in file ..\..\Driver\py32f003\CMSIS\Device\PY32F003\Source\AR
M\startup_py32f003.s
   Uses
      At line 96 in file ..\..\Driver\py32f003\CMSIS\Device\PY32F003\Source\ARM
\startup_py32f003.s
      At line 168 in file ..\..\Driver\py32f003\CMSIS\Device\PY32F003\Source\AR
M\startup_py32f003.s

RCC_IRQHandler 00000012

Symbol: RCC_IRQHandler
   Definitions
      At line 214 in file ..\..\Driver\py32f003\CMSIS\Device\PY32F003\Source\AR
M\startup_py32f003.s
   Uses
      At line 104 in file ..\..\Driver\py32f003\CMSIS\Device\PY32F003\Source\AR
M\startup_py32f003.s
      At line 182 in file ..\..\Driver\py32f003\CMSIS\Device\PY32F003\Source\AR
M\startup_py32f003.s

RTC_IRQHandler 00000012

Symbol: RTC_IRQHandler
   Definitions
      At line 212 in file ..\..\Driver\py32f003\CMSIS\Device\PY32F003\Source\AR
M\startup_py32f003.s
   Uses
      At line 102 in file ..\..\Driver\py32f003\CMSIS\Device\PY32F003\Source\AR
M\startup_py32f003.s
      At line 180 in file ..\..\Driver\py32f003\CMSIS\Device\PY32F003\Source\AR
M\startup_py32f003.s

Reset_Handler 00000000

Symbol: Reset_Handler
   Definitions
      At line 141 in file ..\..\Driver\py32f003\CMSIS\Device\PY32F003\Source\AR
M\startup_py32f003.s
   Uses
      At line 83 in file ..\..\Driver\py32f003\CMSIS\Device\PY32F003\Source\ARM
\startup_py32f003.s
      At line 142 in file ..\..\Driver\py32f003\CMSIS\Device\PY32F003\Source\AR
M\startup_py32f003.s

SPI1_IRQHandler 00000012

Symbol: SPI1_IRQHandler
   Definitions
      At line 235 in file ..\..\Driver\py32f003\CMSIS\Device\PY32F003\Source\AR
M\startup_py32f003.s
   Uses
      At line 125 in file ..\..\Driver\py32f003\CMSIS\Device\PY32F003\Source\AR
M\startup_py32f003.s
      At line 203 in file ..\..\Driver\py32f003\CMSIS\Device\PY32F003\Source\AR
M\startup_py32f003.s

SPI2_IRQHandler 00000012




ARM Macro Assembler    Page 5 Alphabetic symbol ordering
Relocatable symbols

Symbol: SPI2_IRQHandler
   Definitions
      At line 236 in file ..\..\Driver\py32f003\CMSIS\Device\PY32F003\Source\AR
M\startup_py32f003.s
   Uses
      At line 126 in file ..\..\Driver\py32f003\CMSIS\Device\PY32F003\Source\AR
M\startup_py32f003.s
      At line 204 in file ..\..\Driver\py32f003\CMSIS\Device\PY32F003\Source\AR
M\startup_py32f003.s

SVC_Handler 0000000C

Symbol: SVC_Handler
   Definitions
      At line 163 in file ..\..\Driver\py32f003\CMSIS\Device\PY32F003\Source\AR
M\startup_py32f003.s
   Uses
      At line 93 in file ..\..\Driver\py32f003\CMSIS\Device\PY32F003\Source\ARM
\startup_py32f003.s
      At line 164 in file ..\..\Driver\py32f003\CMSIS\Device\PY32F003\Source\AR
M\startup_py32f003.s

SysTick_Handler 00000010

Symbol: SysTick_Handler
   Definitions
      At line 171 in file ..\..\Driver\py32f003\CMSIS\Device\PY32F003\Source\AR
M\startup_py32f003.s
   Uses
      At line 97 in file ..\..\Driver\py32f003\CMSIS\Device\PY32F003\Source\ARM
\startup_py32f003.s
      At line 172 in file ..\..\Driver\py32f003\CMSIS\Device\PY32F003\Source\AR
M\startup_py32f003.s

TIM14_IRQHandler 00000012

Symbol: TIM14_IRQHandler
   Definitions
      At line 229 in file ..\..\Driver\py32f003\CMSIS\Device\PY32F003\Source\AR
M\startup_py32f003.s
   Uses
      At line 119 in file ..\..\Driver\py32f003\CMSIS\Device\PY32F003\Source\AR
M\startup_py32f003.s
      At line 197 in file ..\..\Driver\py32f003\CMSIS\Device\PY32F003\Source\AR
M\startup_py32f003.s

TIM16_IRQHandler 00000012

Symbol: TIM16_IRQHandler
   Definitions
      At line 231 in file ..\..\Driver\py32f003\CMSIS\Device\PY32F003\Source\AR
M\startup_py32f003.s
   Uses
      At line 121 in file ..\..\Driver\py32f003\CMSIS\Device\PY32F003\Source\AR
M\startup_py32f003.s
      At line 199 in file ..\..\Driver\py32f003\CMSIS\Device\PY32F003\Source\AR
M\startup_py32f003.s

TIM17_IRQHandler 00000012



ARM Macro Assembler    Page 6 Alphabetic symbol ordering
Relocatable symbols


Symbol: TIM17_IRQHandler
   Definitions
      At line 232 in file ..\..\Driver\py32f003\CMSIS\Device\PY32F003\Source\AR
M\startup_py32f003.s
   Uses
      At line 122 in file ..\..\Driver\py32f003\CMSIS\Device\PY32F003\Source\AR
M\startup_py32f003.s
      At line 200 in file ..\..\Driver\py32f003\CMSIS\Device\PY32F003\Source\AR
M\startup_py32f003.s

TIM1_BRK_UP_TRG_COM_IRQHandler 00000012

Symbol: TIM1_BRK_UP_TRG_COM_IRQHandler
   Definitions
      At line 223 in file ..\..\Driver\py32f003\CMSIS\Device\PY32F003\Source\AR
M\startup_py32f003.s
   Uses
      At line 113 in file ..\..\Driver\py32f003\CMSIS\Device\PY32F003\Source\AR
M\startup_py32f003.s
      At line 191 in file ..\..\Driver\py32f003\CMSIS\Device\PY32F003\Source\AR
M\startup_py32f003.s

TIM1_CC_IRQHandler 00000012

Symbol: TIM1_CC_IRQHandler
   Definitions
      At line 224 in file ..\..\Driver\py32f003\CMSIS\Device\PY32F003\Source\AR
M\startup_py32f003.s
   Uses
      At line 114 in file ..\..\Driver\py32f003\CMSIS\Device\PY32F003\Source\AR
M\startup_py32f003.s
      At line 192 in file ..\..\Driver\py32f003\CMSIS\Device\PY32F003\Source\AR
M\startup_py32f003.s

TIM3_IRQHandler 00000012

Symbol: TIM3_IRQHandler
   Definitions
      At line 226 in file ..\..\Driver\py32f003\CMSIS\Device\PY32F003\Source\AR
M\startup_py32f003.s
   Uses
      At line 116 in file ..\..\Driver\py32f003\CMSIS\Device\PY32F003\Source\AR
M\startup_py32f003.s
      At line 194 in file ..\..\Driver\py32f003\CMSIS\Device\PY32F003\Source\AR
M\startup_py32f003.s

TIM6_LPTIM_IRQHandler 00000012

Symbol: TIM6_LPTIM_IRQHandler
   Definitions
      At line 227 in file ..\..\Driver\py32f003\CMSIS\Device\PY32F003\Source\AR
M\startup_py32f003.s
   Uses
      At line 117 in file ..\..\Driver\py32f003\CMSIS\Device\PY32F003\Source\AR
M\startup_py32f003.s
      At line 195 in file ..\..\Driver\py32f003\CMSIS\Device\PY32F003\Source\AR
M\startup_py32f003.s




ARM Macro Assembler    Page 7 Alphabetic symbol ordering
Relocatable symbols

USART1_IRQHandler 00000012

Symbol: USART1_IRQHandler
   Definitions
      At line 237 in file ..\..\Driver\py32f003\CMSIS\Device\PY32F003\Source\AR
M\startup_py32f003.s
   Uses
      At line 127 in file ..\..\Driver\py32f003\CMSIS\Device\PY32F003\Source\AR
M\startup_py32f003.s
      At line 205 in file ..\..\Driver\py32f003\CMSIS\Device\PY32F003\Source\AR
M\startup_py32f003.s

USART2_IRQHandler 00000012

Symbol: USART2_IRQHandler
   Definitions
      At line 238 in file ..\..\Driver\py32f003\CMSIS\Device\PY32F003\Source\AR
M\startup_py32f003.s
   Uses
      At line 128 in file ..\..\Driver\py32f003\CMSIS\Device\PY32F003\Source\AR
M\startup_py32f003.s
      At line 206 in file ..\..\Driver\py32f003\CMSIS\Device\PY32F003\Source\AR
M\startup_py32f003.s

WWDG_IRQHandler 00000012

Symbol: WWDG_IRQHandler
   Definitions
      At line 210 in file ..\..\Driver\py32f003\CMSIS\Device\PY32F003\Source\AR
M\startup_py32f003.s
   Uses
      At line 100 in file ..\..\Driver\py32f003\CMSIS\Device\PY32F003\Source\AR
M\startup_py32f003.s
      At line 178 in file ..\..\Driver\py32f003\CMSIS\Device\PY32F003\Source\AR
M\startup_py32f003.s

33 symbols



ARM Macro Assembler    Page 1 Alphabetic symbol ordering
Absolute symbols

Heap_Size 00000000

Symbol: Heap_Size
   Definitions
      At line 64 in file ..\..\Driver\py32f003\CMSIS\Device\PY32F003\Source\ARM
\startup_py32f003.s
   Uses
      At line 68 in file ..\..\Driver\py32f003\CMSIS\Device\PY32F003\Source\ARM
\startup_py32f003.s
Comment: Heap_Size used once
Stack_Size 00000400

Symbol: Stack_Size
   Definitions
      At line 53 in file ..\..\Driver\py32f003\CMSIS\Device\PY32F003\Source\ARM
\startup_py32f003.s
   Uses
      At line 56 in file ..\..\Driver\py32f003\CMSIS\Device\PY32F003\Source\ARM
\startup_py32f003.s
Comment: Stack_Size used once
__Vectors_Size 000000C0

Symbol: __Vectors_Size
   Definitions
      At line 134 in file ..\..\Driver\py32f003\CMSIS\Device\PY32F003\Source\AR
M\startup_py32f003.s
   Uses
      At line 80 in file ..\..\Driver\py32f003\CMSIS\Device\PY32F003\Source\ARM
\startup_py32f003.s
Comment: __Vectors_Size used once
3 symbols



ARM Macro Assembler    Page 1 Alphabetic symbol ordering
External symbols

SystemInit 00000000

Symbol: SystemInit
   Definitions
      At line 143 in file ..\..\Driver\py32f003\CMSIS\Device\PY32F003\Source\AR
M\startup_py32f003.s
   Uses
      At line 145 in file ..\..\Driver\py32f003\CMSIS\Device\PY32F003\Source\AR
M\startup_py32f003.s
Comment: SystemInit used once
__main 00000000

Symbol: __main
   Definitions
      At line 144 in file ..\..\Driver\py32f003\CMSIS\Device\PY32F003\Source\AR
M\startup_py32f003.s
   Uses
      At line 147 in file ..\..\Driver\py32f003\CMSIS\Device\PY32F003\Source\AR
M\startup_py32f003.s
Comment: __main used once
2 symbols
383 symbols in table
