


ARM Macro Assembler    Page 1 


    1 00000000         ;*******************************************************
                       *********************** 
    2 00000000         ;* @file              : startup_py32f003xx.s
    3 00000000         ;* @brief             : P32F030xx devices vector table f
                       or MDK-ARM toolchain.
    4 00000000         ;*                      This module performs:
    5 00000000         ;*                      - Set the initial SP
    6 00000000         ;*                      - Set the initial PC == Reset_Ha
                       ndler
    7 00000000         ;*                      - Set the vector table entries w
                       ith the exceptions ISR address
    8 00000000         ;*                      - Branches to __main in the C li
                       brary (which eventually
    9 00000000         ;*                        calls main()).
   10 00000000         ;*                      After Reset the CortexM0+ proces
                       sor is in Thread mode,
   11 00000000         ;*                      priority is Privileged, and the 
                       Stack is set to Main.
   12 00000000         ;* <<< Use Configuration Wizard in Context Menu >>>
   13 00000000         ;*******************************************************
                       *********************** 
   14 00000000         ;* @attention
   15 00000000         ;*
   16 00000000         ;*  Copyright (c) 2021, Puya Semiconductor Inc.
   17 00000000         ;*
   18 00000000         ;*  All rights reserved.
   19 00000000         ;*
   20 00000000         ;*  Redistribution and use in source and binary forms, w
                       ith or without modification,
   21 00000000         ;* are permitted provided that the following conditions 
                       are met:
   22 00000000         ;*
   23 00000000         ;* 1. Redistributions of source code must retain the abo
                       ve copyright notice,
   24 00000000         ;*      this list of conditions and the following discla
                       imer.
   25 00000000         ;*   2. Redistributions in binary form must reproduce th
                       e above copyright notice,
   26 00000000         ;*      this list of conditions and the following discla
                       imer in the documentation
   27 00000000         ;*      and/or other materials provided with the distrib
                       ution.
   28 00000000         ;*   3. Neither the name of the copyright holder nor the
                        names of its contributors
   29 00000000         ;*      may be used to endorse or promote products deriv
                       ed from this software
   30 00000000         ;*      without specific prior written permission.
   31 00000000         ;*
   32 00000000         ;*  THIS SOFTWARE IS PROVIDED BY THE COPYRIGHT HOLDERS A
                       ND CONTRIBUTORS "AS IS"
   33 00000000         ;* AND ANY EXPRESS OR IMPLIED WARRANTIES, INCLUDING, BUT
                        NOT LIMITED TO, THE
   34 00000000         ;* IMPLIED WARRANTIES OF MERCHANTABILITY AND FITNESS FOR
                        A PARTICULAR PURPOSE ARE
   35 00000000         ;* DISCLAIMED. IN NO EVENT SHALL THE COPYRIGHT HOLDER OR
                        CONTRIBUTORS BE LIABLE
   36 00000000         ;* FOR ANY DIRECT, INDIRECT, INCIDENTAL, SPECIAL, EXEMPL
                       ARY, OR CONSEQUENTIAL
   37 00000000         ;* DAMAGES (INCLUDING, BUT NOT LIMITED TO, PROCUREMENT O



ARM Macro Assembler    Page 2 


                       F SUBSTITUTE GOODS OR
   38 00000000         ;* SERVICES; LOSS OF USE, DATA, OR PROFITS; OR BUSINESS 
                       INTERRUPTION) HOWEVER
   39 00000000         ;* CAUSED AND ON ANY THEORY OF LIABILITY, WHETHER IN CON
                       TRACT, STRICT LIABILITY,
   40 00000000         ;* OR TORT (INCLUDING NEGLIGENCE OR OTHERWISE) ARISING I
                       N ANY WAY OUT OF THE USE
   41 00000000         ;* OF THIS SOFTWARE, EVEN IF ADVISED OF THE POSSIBILITY 
                       OF SUCH DAMAGE.
   42 00000000         ;*
   43 00000000         ;*******************************************************
                       *********************** 
   44 00000000         
   45 00000000         ; Amount of memory (in bytes) allocated for Stack
   46 00000000         ; Tailor this value to your application needs
   47 00000000         ; <h> Stack Configuration
   48 00000000         ;   <o> Stack Size (in Bytes) <0x0-0xFFFFFFFF:8>
   49 00000000         ; </h>
   50 00000000         
   51 00000000 00000400 
                       Stack_Size
                               EQU              0x00000400
   52 00000000         
   53 00000000                 AREA             STACK, NOINIT, READWRITE, ALIGN
=3
   54 00000000         Stack_Mem
                               SPACE            Stack_Size
   55 00000400         __initial_sp
   56 00000400         
   57 00000400         
   58 00000400         ; <h> Heap Configuration
   59 00000400         ;   <o>  Heap Size (in Bytes) <0x0-0xFFFFFFFF:8>
   60 00000400         ; </h>
   61 00000400         
   62 00000400 00000000 
                       Heap_Size
                               EQU              0x00000000
   63 00000400         
   64 00000400                 AREA             HEAP, NOINIT, READWRITE, ALIGN=
3
   65 00000000         __heap_base
   66 00000000         Heap_Mem
                               SPACE            Heap_Size
   67 00000000         __heap_limit
   68 00000000         
   69 00000000         
   70 00000000                 PRESERVE8
   71 00000000                 THUMB
   72 00000000         
   73 00000000         
   74 00000000         ; Vector Table Mapped to Address 0 at Reset
   75 00000000                 AREA             RESET, DATA, READONLY
   76 00000000                 EXPORT           __Vectors
   77 00000000                 EXPORT           __Vectors_End
   78 00000000                 EXPORT           __Vectors_Size
   79 00000000         
   80 00000000 00000000 
                       __Vectors
                               DCD              __initial_sp ; Top of Stack



ARM Macro Assembler    Page 3 


   81 00000004 00000000        DCD              Reset_Handler ; Reset Handler
   82 00000008 00000000        DCD              NMI_Handler ; NMI Handler
   83 0000000C 00000000        DCD              HardFault_Handler ; Hard Fault 
                                                            Handler
   84 00000010 00000000        DCD              0           ; Reserved
   85 00000014 00000000        DCD              0           ; Reserved
   86 00000018 00000000        DCD              0           ; Reserved
   87 0000001C 00000000        DCD              0           ; Reserved
   88 00000020 00000000        DCD              0           ; Reserved
   89 00000024 00000000        DCD              0           ; Reserved
   90 00000028 00000000        DCD              0           ; Reserved
   91 0000002C 00000000        DCD              SVC_Handler ; SVCall Handler
   92 00000030 00000000        DCD              0           ; Reserved
   93 00000034 00000000        DCD              0           ; Reserved
   94 00000038 00000000        DCD              PendSV_Handler ; PendSV Handler
                                                            
   95 0000003C 00000000        DCD              SysTick_Handler 
                                                            ; SysTick Handler
   96 00000040         
   97 00000040         ; External Interrupts
   98 00000040 00000000        DCD              WWDG_IRQHandler 
                                                            ; 0Window Watchdog
   99 00000044 00000000        DCD              PVD_IRQHandler ; 1PVD through E
                                                            XTI Line detect
  100 00000048 00000000        DCD              RTC_IRQHandler ; 2RTC through E
                                                            XTI Line
  101 0000004C 00000000        DCD              FLASH_IRQHandler ; 3FLASH
  102 00000050 00000000        DCD              RCC_IRQHandler ; 4RCC
  103 00000054 00000000        DCD              EXTI0_1_IRQHandler ; 5EXTI Line
                                                             0 and 1
  104 00000058 00000000        DCD              EXTI2_3_IRQHandler ; 6EXTI Line
                                                             2 and 3
  105 0000005C 00000000        DCD              EXTI4_15_IRQHandler ; 7EXTI Lin
                                                            e 4 to 15
  106 00000060 00000000        DCD              0           ; 8Reserved 
  107 00000064 00000000        DCD              DMA1_Channel1_IRQHandler 
                                                            ; 9DMA1 Channel 1
  108 00000068 00000000        DCD              DMA1_Channel2_3_IRQHandler ; 10
                                                            DMA1 Channel 2 and 
                                                            Channel 3
  109 0000006C 00000000        DCD              0           ; 11Reserved 
  110 00000070 00000000        DCD              ADC_COMP_IRQHandler 
                                                            ; 12ADC&COMP1 
  111 00000074 00000000        DCD              TIM1_BRK_UP_TRG_COM_IRQHandler 
                                                            ; 13TIM1 Break, Upd
                                                            ate, Trigger and Co
                                                            mmutation
  112 00000078 00000000        DCD              TIM1_CC_IRQHandler ; 14TIM1 Cap
                                                            ture Compare
  113 0000007C 00000000        DCD              0           ; 15Reserved 
  114 00000080 00000000        DCD              TIM3_IRQHandler ; 16TIM3
  115 00000084 00000000        DCD              LPTIM1_IRQHandler ; 17LPTIM1
  116 00000088 00000000        DCD              0           ; 18Reserved 
  117 0000008C 00000000        DCD              TIM14_IRQHandler ; 19TIM14
  118 00000090 00000000        DCD              0           ; 20Reserved 
  119 00000094 00000000        DCD              TIM16_IRQHandler ; 21TIM16
  120 00000098 00000000        DCD              TIM17_IRQHandler ; 22TIM17
  121 0000009C 00000000        DCD              I2C1_IRQHandler ; 23I2C1
  122 000000A0 00000000        DCD              0           ; 24Reserved 



ARM Macro Assembler    Page 4 


  123 000000A4 00000000        DCD              SPI1_IRQHandler ; 25SPI1
  124 000000A8 00000000        DCD              0           ; 26Reserved
  125 000000AC 00000000        DCD              USART1_IRQHandler ; 27USART1
  126 000000B0 00000000        DCD              USART2_IRQHandler ; 28USART2
  127 000000B4 00000000        DCD              0           ; 29Reserved
  128 000000B8 00000000        DCD              0           ; 30Reserved
  129 000000BC 00000000        DCD              0           ; 31Reserved
  130 000000C0         __Vectors_End
  131 000000C0         
  132 000000C0 000000C0 
                       __Vectors_Size
                               EQU              __Vectors_End - __Vectors
  133 000000C0         
  134 000000C0                 AREA             |.text|, CODE, READONLY
  135 00000000         
  136 00000000         
  137 00000000         ; Reset Handler
  138 00000000         
  139 00000000         Reset_Handler
                               PROC
  140 00000000                 EXPORT           Reset_Handler             [WEAK
]
  141 00000000                 IMPORT           SystemInit
  142 00000000                 IMPORT           __main
  143 00000000 4804            LDR              R0, =SystemInit
  144 00000002 4780            BLX              R0
  145 00000004 4804            LDR              R0, =__main
  146 00000006 4700            BX               R0
  147 00000008                 ENDP
  148 00000008         
  149 00000008         
  150 00000008         ; Dummy Exception Handlers (infinite loops which can be 
                       modified)
  151 00000008         
  152 00000008         NMI_Handler
                               PROC
  153 00000008                 EXPORT           NMI_Handler               [WEAK
]
  154 00000008 E7FE            B                .
  155 0000000A                 ENDP
  157 0000000A         HardFault_Handler
                               PROC
  158 0000000A                 EXPORT           HardFault_Handler         [WEAK
]
  159 0000000A E7FE            B                .
  160 0000000C                 ENDP
  161 0000000C         SVC_Handler
                               PROC
  162 0000000C                 EXPORT           SVC_Handler               [WEAK
]
  163 0000000C E7FE            B                .
  164 0000000E                 ENDP
  165 0000000E         PendSV_Handler
                               PROC
  166 0000000E                 EXPORT           PendSV_Handler            [WEAK
]
  167 0000000E E7FE            B                .
  168 00000010                 ENDP
  169 00000010         SysTick_Handler



ARM Macro Assembler    Page 5 


                               PROC
  170 00000010                 EXPORT           SysTick_Handler           [WEAK
]
  171 00000010 E7FE            B                .
  172 00000012                 ENDP
  173 00000012         
  174 00000012         Default_Handler
                               PROC
  175 00000012         
  176 00000012                 EXPORT           WWDG_IRQHandler                
[WEAK]
  177 00000012                 EXPORT           PVD_IRQHandler                 
[WEAK]
  178 00000012                 EXPORT           RTC_IRQHandler                 
[WEAK]
  179 00000012                 EXPORT           FLASH_IRQHandler               
[WEAK]
  180 00000012                 EXPORT           RCC_IRQHandler                 
[WEAK]
  181 00000012                 EXPORT           EXTI0_1_IRQHandler             
[WEAK]
  182 00000012                 EXPORT           EXTI2_3_IRQHandler             
[WEAK]
  183 00000012                 EXPORT           EXTI4_15_IRQHandler            
[WEAK]
  184 00000012                 EXPORT           DMA1_Channel1_IRQHandler       
[WEAK]
  185 00000012                 EXPORT           DMA1_Channel2_3_IRQHandler     
[WEAK]
  186 00000012                 EXPORT           ADC_COMP_IRQHandler            
[WEAK]
  187 00000012                 EXPORT           TIM1_BRK_UP_TRG_COM_IRQHandler 
[WEAK]
  188 00000012                 EXPORT           TIM1_CC_IRQHandler             
[WEAK]
  189 00000012                 EXPORT           TIM3_IRQHandler                
[WEAK]
  190 00000012                 EXPORT           LPTIM1_IRQHandler              
[WEAK]
  191 00000012                 EXPORT           TIM14_IRQHandler               
[WEAK]
  192 00000012                 EXPORT           TIM16_IRQHandler               
[WEAK]
  193 00000012                 EXPORT           TIM17_IRQHandler               
[WEAK]
  194 00000012                 EXPORT           I2C1_IRQHandler                
[WEAK]
  195 00000012                 EXPORT           SPI1_IRQHandler                
[WEAK]
  196 00000012                 EXPORT           USART1_IRQHandler              
[WEAK]
  197 00000012                 EXPORT           USART2_IRQHandler              
[WEAK]
  198 00000012         
  199 00000012         WWDG_IRQHandler
  200 00000012         PVD_IRQHandler
  201 00000012         RTC_IRQHandler
  202 00000012         FLASH_IRQHandler
  203 00000012         RCC_IRQHandler



ARM Macro Assembler    Page 6 


  204 00000012         EXTI0_1_IRQHandler
  205 00000012         EXTI2_3_IRQHandler
  206 00000012         EXTI4_15_IRQHandler
  207 00000012         DMA1_Channel1_IRQHandler
  208 00000012         DMA1_Channel2_3_IRQHandler
  209 00000012         ADC_COMP_IRQHandler
  210 00000012         TIM1_BRK_UP_TRG_COM_IRQHandler
  211 00000012         TIM1_CC_IRQHandler
  212 00000012         TIM3_IRQHandler
  213 00000012         LPTIM1_IRQHandler
  214 00000012         TIM14_IRQHandler
  215 00000012         TIM16_IRQHandler
  216 00000012         TIM17_IRQHandler
  217 00000012         I2C1_IRQHandler
  218 00000012         SPI1_IRQHandler
  219 00000012         USART1_IRQHandler
  220 00000012         USART2_IRQHandler
  221 00000012 E7FE            B                .
  222 00000014                 ENDP
  223 00000014         
  224 00000014                 ALIGN
  225 00000014         
  226 00000014         ; User Initial Stack & Heap
  227 00000014         
  228 00000014                 IF               :DEF:__MICROLIB
  229 00000014         
  230 00000014                 EXPORT           __initial_sp
  231 00000014                 EXPORT           __heap_base
  232 00000014                 EXPORT           __heap_limit
  233 00000014         
  234 00000014                 ELSE
  249                          ENDIF
  250 00000014         
  251 00000014                 END
              00000000 
              00000000 
Command Line: --debug --xref --diag_suppress=9931 --cpu=Cortex-M0+ --apcs=inter
work --depend=.\objects\startup_py32f003x4.d -o.\objects\startup_py32f003x4.o -
I.\RTE\_XenD101 -ID:\Keil_v5\ARM\PACK\ARM\CMSIS\5.9.0\CMSIS\Core\Include -ID:\K
eil_v5\ARM\PACK\Puya\PY32F0xx_DFP\1.0.1\Device\Include --predefine="__MICROLIB 
SETA 1" --predefine="__UVISION_VERSION SETA 525" --predefine="_RTE_ SETA 1" --l
ist=.\listings\startup_py32f003x4.lst RTE\Device\PY32F003x4\startup_py32f003x4.
s



ARM Macro Assembler    Page 1 Alphabetic symbol ordering
Relocatable symbols

STACK 00000000

Symbol: STACK
   Definitions
      At line 53 in file RTE\Device\PY32F003x4\startup_py32f003x4.s
   Uses
      None
Comment: STACK unused
Stack_Mem 00000000

Symbol: Stack_Mem
   Definitions
      At line 54 in file RTE\Device\PY32F003x4\startup_py32f003x4.s
   Uses
      None
Comment: Stack_Mem unused
__initial_sp 00000400

Symbol: __initial_sp
   Definitions
      At line 55 in file RTE\Device\PY32F003x4\startup_py32f003x4.s
   Uses
      At line 80 in file RTE\Device\PY32F003x4\startup_py32f003x4.s
      At line 230 in file RTE\Device\PY32F003x4\startup_py32f003x4.s

3 symbols



ARM Macro Assembler    Page 1 Alphabetic symbol ordering
Relocatable symbols

HEAP 00000000

Symbol: HEAP
   Definitions
      At line 64 in file RTE\Device\PY32F003x4\startup_py32f003x4.s
   Uses
      None
Comment: HEAP unused
Heap_Mem 00000000

Symbol: Heap_Mem
   Definitions
      At line 66 in file RTE\Device\PY32F003x4\startup_py32f003x4.s
   Uses
      None
Comment: Heap_Mem unused
__heap_base 00000000

Symbol: __heap_base
   Definitions
      At line 65 in file RTE\Device\PY32F003x4\startup_py32f003x4.s
   Uses
      At line 231 in file RTE\Device\PY32F003x4\startup_py32f003x4.s
Comment: __heap_base used once
__heap_limit 00000000

Symbol: __heap_limit
   Definitions
      At line 67 in file RTE\Device\PY32F003x4\startup_py32f003x4.s
   Uses
      At line 232 in file RTE\Device\PY32F003x4\startup_py32f003x4.s
Comment: __heap_limit used once
4 symbols



ARM Macro Assembler    Page 1 Alphabetic symbol ordering
Relocatable symbols

RESET 00000000

Symbol: RESET
   Definitions
      At line 75 in file RTE\Device\PY32F003x4\startup_py32f003x4.s
   Uses
      None
Comment: RESET unused
__Vectors 00000000

Symbol: __Vectors
   Definitions
      At line 80 in file RTE\Device\PY32F003x4\startup_py32f003x4.s
   Uses
      At line 76 in file RTE\Device\PY32F003x4\startup_py32f003x4.s
      At line 132 in file RTE\Device\PY32F003x4\startup_py32f003x4.s

__Vectors_End 000000C0

Symbol: __Vectors_End
   Definitions
      At line 130 in file RTE\Device\PY32F003x4\startup_py32f003x4.s
   Uses
      At line 77 in file RTE\Device\PY32F003x4\startup_py32f003x4.s
      At line 132 in file RTE\Device\PY32F003x4\startup_py32f003x4.s

3 symbols



ARM Macro Assembler    Page 1 Alphabetic symbol ordering
Relocatable symbols

.text 00000000

Symbol: .text
   Definitions
      At line 134 in file RTE\Device\PY32F003x4\startup_py32f003x4.s
   Uses
      None
Comment: .text unused
ADC_COMP_IRQHandler 00000012

Symbol: ADC_COMP_IRQHandler
   Definitions
      At line 209 in file RTE\Device\PY32F003x4\startup_py32f003x4.s
   Uses
      At line 110 in file RTE\Device\PY32F003x4\startup_py32f003x4.s
      At line 186 in file RTE\Device\PY32F003x4\startup_py32f003x4.s

DMA1_Channel1_IRQHandler 00000012

Symbol: DMA1_Channel1_IRQHandler
   Definitions
      At line 207 in file RTE\Device\PY32F003x4\startup_py32f003x4.s
   Uses
      At line 107 in file RTE\Device\PY32F003x4\startup_py32f003x4.s
      At line 184 in file RTE\Device\PY32F003x4\startup_py32f003x4.s

DMA1_Channel2_3_IRQHandler 00000012

Symbol: DMA1_Channel2_3_IRQHandler
   Definitions
      At line 208 in file RTE\Device\PY32F003x4\startup_py32f003x4.s
   Uses
      At line 108 in file RTE\Device\PY32F003x4\startup_py32f003x4.s
      At line 185 in file RTE\Device\PY32F003x4\startup_py32f003x4.s

Default_Handler 00000012

Symbol: Default_Handler
   Definitions
      At line 174 in file RTE\Device\PY32F003x4\startup_py32f003x4.s
   Uses
      None
Comment: Default_Handler unused
EXTI0_1_IRQHandler 00000012

Symbol: EXTI0_1_IRQHandler
   Definitions
      At line 204 in file RTE\Device\PY32F003x4\startup_py32f003x4.s
   Uses
      At line 103 in file RTE\Device\PY32F003x4\startup_py32f003x4.s
      At line 181 in file RTE\Device\PY32F003x4\startup_py32f003x4.s

EXTI2_3_IRQHandler 00000012

Symbol: EXTI2_3_IRQHandler
   Definitions
      At line 205 in file RTE\Device\PY32F003x4\startup_py32f003x4.s
   Uses
      At line 104 in file RTE\Device\PY32F003x4\startup_py32f003x4.s



ARM Macro Assembler    Page 2 Alphabetic symbol ordering
Relocatable symbols

      At line 182 in file RTE\Device\PY32F003x4\startup_py32f003x4.s

EXTI4_15_IRQHandler 00000012

Symbol: EXTI4_15_IRQHandler
   Definitions
      At line 206 in file RTE\Device\PY32F003x4\startup_py32f003x4.s
   Uses
      At line 105 in file RTE\Device\PY32F003x4\startup_py32f003x4.s
      At line 183 in file RTE\Device\PY32F003x4\startup_py32f003x4.s

FLASH_IRQHandler 00000012

Symbol: FLASH_IRQHandler
   Definitions
      At line 202 in file RTE\Device\PY32F003x4\startup_py32f003x4.s
   Uses
      At line 101 in file RTE\Device\PY32F003x4\startup_py32f003x4.s
      At line 179 in file RTE\Device\PY32F003x4\startup_py32f003x4.s

HardFault_Handler 0000000A

Symbol: HardFault_Handler
   Definitions
      At line 157 in file RTE\Device\PY32F003x4\startup_py32f003x4.s
   Uses
      At line 83 in file RTE\Device\PY32F003x4\startup_py32f003x4.s
      At line 158 in file RTE\Device\PY32F003x4\startup_py32f003x4.s

I2C1_IRQHandler 00000012

Symbol: I2C1_IRQHandler
   Definitions
      At line 217 in file RTE\Device\PY32F003x4\startup_py32f003x4.s
   Uses
      At line 121 in file RTE\Device\PY32F003x4\startup_py32f003x4.s
      At line 194 in file RTE\Device\PY32F003x4\startup_py32f003x4.s

LPTIM1_IRQHandler 00000012

Symbol: LPTIM1_IRQHandler
   Definitions
      At line 213 in file RTE\Device\PY32F003x4\startup_py32f003x4.s
   Uses
      At line 115 in file RTE\Device\PY32F003x4\startup_py32f003x4.s
      At line 190 in file RTE\Device\PY32F003x4\startup_py32f003x4.s

NMI_Handler 00000008

Symbol: NMI_Handler
   Definitions
      At line 152 in file RTE\Device\PY32F003x4\startup_py32f003x4.s
   Uses
      At line 82 in file RTE\Device\PY32F003x4\startup_py32f003x4.s
      At line 153 in file RTE\Device\PY32F003x4\startup_py32f003x4.s

PVD_IRQHandler 00000012

Symbol: PVD_IRQHandler



ARM Macro Assembler    Page 3 Alphabetic symbol ordering
Relocatable symbols

   Definitions
      At line 200 in file RTE\Device\PY32F003x4\startup_py32f003x4.s
   Uses
      At line 99 in file RTE\Device\PY32F003x4\startup_py32f003x4.s
      At line 177 in file RTE\Device\PY32F003x4\startup_py32f003x4.s

PendSV_Handler 0000000E

Symbol: PendSV_Handler
   Definitions
      At line 165 in file RTE\Device\PY32F003x4\startup_py32f003x4.s
   Uses
      At line 94 in file RTE\Device\PY32F003x4\startup_py32f003x4.s
      At line 166 in file RTE\Device\PY32F003x4\startup_py32f003x4.s

RCC_IRQHandler 00000012

Symbol: RCC_IRQHandler
   Definitions
      At line 203 in file RTE\Device\PY32F003x4\startup_py32f003x4.s
   Uses
      At line 102 in file RTE\Device\PY32F003x4\startup_py32f003x4.s
      At line 180 in file RTE\Device\PY32F003x4\startup_py32f003x4.s

RTC_IRQHandler 00000012

Symbol: RTC_IRQHandler
   Definitions
      At line 201 in file RTE\Device\PY32F003x4\startup_py32f003x4.s
   Uses
      At line 100 in file RTE\Device\PY32F003x4\startup_py32f003x4.s
      At line 178 in file RTE\Device\PY32F003x4\startup_py32f003x4.s

Reset_Handler 00000000

Symbol: Reset_Handler
   Definitions
      At line 139 in file RTE\Device\PY32F003x4\startup_py32f003x4.s
   Uses
      At line 81 in file RTE\Device\PY32F003x4\startup_py32f003x4.s
      At line 140 in file RTE\Device\PY32F003x4\startup_py32f003x4.s

SPI1_IRQHandler 00000012

Symbol: SPI1_IRQHandler
   Definitions
      At line 218 in file RTE\Device\PY32F003x4\startup_py32f003x4.s
   Uses
      At line 123 in file RTE\Device\PY32F003x4\startup_py32f003x4.s
      At line 195 in file RTE\Device\PY32F003x4\startup_py32f003x4.s

SVC_Handler 0000000C

Symbol: SVC_Handler
   Definitions
      At line 161 in file RTE\Device\PY32F003x4\startup_py32f003x4.s
   Uses
      At line 91 in file RTE\Device\PY32F003x4\startup_py32f003x4.s
      At line 162 in file RTE\Device\PY32F003x4\startup_py32f003x4.s



ARM Macro Assembler    Page 4 Alphabetic symbol ordering
Relocatable symbols


SysTick_Handler 00000010

Symbol: SysTick_Handler
   Definitions
      At line 169 in file RTE\Device\PY32F003x4\startup_py32f003x4.s
   Uses
      At line 95 in file RTE\Device\PY32F003x4\startup_py32f003x4.s
      At line 170 in file RTE\Device\PY32F003x4\startup_py32f003x4.s

TIM14_IRQHandler 00000012

Symbol: TIM14_IRQHandler
   Definitions
      At line 214 in file RTE\Device\PY32F003x4\startup_py32f003x4.s
   Uses
      At line 117 in file RTE\Device\PY32F003x4\startup_py32f003x4.s
      At line 191 in file RTE\Device\PY32F003x4\startup_py32f003x4.s

TIM16_IRQHandler 00000012

Symbol: TIM16_IRQHandler
   Definitions
      At line 215 in file RTE\Device\PY32F003x4\startup_py32f003x4.s
   Uses
      At line 119 in file RTE\Device\PY32F003x4\startup_py32f003x4.s
      At line 192 in file RTE\Device\PY32F003x4\startup_py32f003x4.s

TIM17_IRQHandler 00000012

Symbol: TIM17_IRQHandler
   Definitions
      At line 216 in file RTE\Device\PY32F003x4\startup_py32f003x4.s
   Uses
      At line 120 in file RTE\Device\PY32F003x4\startup_py32f003x4.s
      At line 193 in file RTE\Device\PY32F003x4\startup_py32f003x4.s

TIM1_BRK_UP_TRG_COM_IRQHandler 00000012

Symbol: TIM1_BRK_UP_TRG_COM_IRQHandler
   Definitions
      At line 210 in file RTE\Device\PY32F003x4\startup_py32f003x4.s
   Uses
      At line 111 in file RTE\Device\PY32F003x4\startup_py32f003x4.s
      At line 187 in file RTE\Device\PY32F003x4\startup_py32f003x4.s

TIM1_CC_IRQHandler 00000012

Symbol: TIM1_CC_IRQHandler
   Definitions
      At line 211 in file RTE\Device\PY32F003x4\startup_py32f003x4.s
   Uses
      At line 112 in file RTE\Device\PY32F003x4\startup_py32f003x4.s
      At line 188 in file RTE\Device\PY32F003x4\startup_py32f003x4.s

TIM3_IRQHandler 00000012

Symbol: TIM3_IRQHandler
   Definitions



ARM Macro Assembler    Page 5 Alphabetic symbol ordering
Relocatable symbols

      At line 212 in file RTE\Device\PY32F003x4\startup_py32f003x4.s
   Uses
      At line 114 in file RTE\Device\PY32F003x4\startup_py32f003x4.s
      At line 189 in file RTE\Device\PY32F003x4\startup_py32f003x4.s

USART1_IRQHandler 00000012

Symbol: USART1_IRQHandler
   Definitions
      At line 219 in file RTE\Device\PY32F003x4\startup_py32f003x4.s
   Uses
      At line 125 in file RTE\Device\PY32F003x4\startup_py32f003x4.s
      At line 196 in file RTE\Device\PY32F003x4\startup_py32f003x4.s

USART2_IRQHandler 00000012

Symbol: USART2_IRQHandler
   Definitions
      At line 220 in file RTE\Device\PY32F003x4\startup_py32f003x4.s
   Uses
      At line 126 in file RTE\Device\PY32F003x4\startup_py32f003x4.s
      At line 197 in file RTE\Device\PY32F003x4\startup_py32f003x4.s

WWDG_IRQHandler 00000012

Symbol: WWDG_IRQHandler
   Definitions
      At line 199 in file RTE\Device\PY32F003x4\startup_py32f003x4.s
   Uses
      At line 98 in file RTE\Device\PY32F003x4\startup_py32f003x4.s
      At line 176 in file RTE\Device\PY32F003x4\startup_py32f003x4.s

30 symbols



ARM Macro Assembler    Page 1 Alphabetic symbol ordering
Absolute symbols

Heap_Size 00000000

Symbol: Heap_Size
   Definitions
      At line 62 in file RTE\Device\PY32F003x4\startup_py32f003x4.s
   Uses
      At line 66 in file RTE\Device\PY32F003x4\startup_py32f003x4.s
Comment: Heap_Size used once
Stack_Size 00000400

Symbol: Stack_Size
   Definitions
      At line 51 in file RTE\Device\PY32F003x4\startup_py32f003x4.s
   Uses
      At line 54 in file RTE\Device\PY32F003x4\startup_py32f003x4.s
Comment: Stack_Size used once
__Vectors_Size 000000C0

Symbol: __Vectors_Size
   Definitions
      At line 132 in file RTE\Device\PY32F003x4\startup_py32f003x4.s
   Uses
      At line 78 in file RTE\Device\PY32F003x4\startup_py32f003x4.s
Comment: __Vectors_Size used once
3 symbols



ARM Macro Assembler    Page 1 Alphabetic symbol ordering
External symbols

SystemInit 00000000

Symbol: SystemInit
   Definitions
      At line 141 in file RTE\Device\PY32F003x4\startup_py32f003x4.s
   Uses
      At line 143 in file RTE\Device\PY32F003x4\startup_py32f003x4.s
Comment: SystemInit used once
__main 00000000

Symbol: __main
   Definitions
      At line 142 in file RTE\Device\PY32F003x4\startup_py32f003x4.s
   Uses
      At line 145 in file RTE\Device\PY32F003x4\startup_py32f003x4.s
Comment: __main used once
2 symbols
380 symbols in table
