


ARM Macro Assembler    Page 1 


    1 00000000         ;******************** (C) COPYRIGHT 2019 MindMotion ****
                       ****************
    2 00000000         ; Amount of memory (in bytes) allocated for Stack
    3 00000000         ; Tailor this value to your application needs
    4 00000000         ; <h> Stack Configuration
    5 00000000         ;   <o> Stack Size (in Bytes) <0x0-0xFFFFFFFF:8>
    6 00000000         ; </h>
    7 00000000         
    8 00000000 00000150 
                       Stack_Size
                               EQU              0x00000150
    9 00000000         
   10 00000000                 AREA             STACK, NOINIT, READWRITE, ALIGN
=3
   11 00000000         Stack_Mem
                               SPACE            Stack_Size
   12 00000150         __initial_sp
   13 00000150         
   14 00000150         
   15 00000150         ; <h> Heap Configuration
   16 00000150         ;   <o>  Heap Size (in Bytes) <0x0-0xFFFFFFFF:8>
   17 00000150         ; </h>
   18 00000150         
   19 00000150 00000000 
                       Heap_Size
                               EQU              0x00000000
   20 00000150         
   21 00000150                 AREA             HEAP, NOINIT, READWRITE, ALIGN=
3
   22 00000000         __heap_base
   23 00000000         Heap_Mem
                               SPACE            Heap_Size
   24 00000000         __heap_limit
   25 00000000         
   26 00000000                 PRESERVE8
   27 00000000                 THUMB
   28 00000000         
   29 00000000         
   30 00000000         ; Vector Table Mapped to Address 0 at Reset
   31 00000000                 AREA             RESET, DATA, READONLY
   32 00000000                 EXPORT           __Vectors
   33 00000000                 EXPORT           __Vectors_End
   34 00000000                 EXPORT           __Vectors_Size
   35 00000000         
   36 00000000 00000000 
                       __Vectors
                               DCD              __initial_sp ; Top of Stack
   37 00000004 00000000        DCD              Reset_Handler ; Reset Handler
   38 00000008 00000000        DCD              NMI_Handler ; NMI Handler
   39 0000000C 00000000        DCD              HardFault_Handler ; Hard Fault 
                                                            Handler
   40 00000010 00000000        DCD              MemManage_Handler ; MPU Fault H
                                                            andler    ;;new 
   41 00000014 00000000        DCD              BusFault_Handler ; Bus Fault Ha
                                                            ndler  ;;new
   42 00000018 00000000        DCD              UsageFault_Handler ; Usage Faul
                                                            t Handler         ;
                                                            ;new
   43 0000001C 00000000        DCD              0           ; Reserved



ARM Macro Assembler    Page 2 


   44 00000020 00000000        DCD              0           ; Reserved
   45 00000024 00000000        DCD              0           ; Reserved
   46 00000028 00000000        DCD              0           ; Reserved
   47 0000002C 00000000        DCD              SVC_Handler ; SVCall Handler
   48 00000030 00000000        DCD              DebugMon_Handler ; Debug Monito
                                                            r Handler          
                                                            ;;new
   49 00000034 00000000        DCD              0           ; Reserved
   50 00000038 00000000        DCD              PendSV_Handler ; PendSV Handler
                                                            
   51 0000003C 00000000        DCD              SysTick_Handler 
                                                            ; SysTick Handler
   52 00000040         
   53 00000040         ; External Interrupts
   54 00000040         
   55 00000040 00000000        DCD              WWDG_IWDG_IRQHandler ; Window W
                                                            atchDog Interrupt  
                                                                               
                                                                      
   56 00000044 00000000        DCD              PVD_IRQHandler ; PVD through EX
                                                            TI Line detect Inte
                                                            rrupt              
                                                                
   57 00000048 00000000        DCD              0           ;
   58 0000004C 00000000        DCD              FLASH_IRQHandler ; FLASH Interr
                                                            upt                
                                                                               
                                                                  
   59 00000050 00000000        DCD              RCC_IRQHandler ; RCC Interrupt 
                                                                               
                                                                               
                                                                
   60 00000054 00000000        DCD              EXTI0_1_IRQHandler ; EXTI Line 
                                                            0 and 1 Interrupts 
                                                                               
                                                                    
   61 00000058 00000000        DCD              EXTI2_3_IRQHandler ; EXTI Line 
                                                            2 and 3 Interrupts 
                                                                               
                                                                    
   62 0000005C 00000000        DCD              EXTI4_15_IRQHandler ; EXTI Line
                                                             4 to 15 Interrupts
                                                                               
                                                                     
   63 00000060 00000000        DCD              0           ;
   64 00000064 00000000        DCD              0           ;                  
                                                                          
   65 00000068 00000000        DCD              0           ;
   66 0000006C 00000000        DCD              0           ;
   67 00000070 00000000        DCD              ADC1_IRQHandler ; ADC1 Interrup
                                                            ts                 
                                                                               
                                                                 
   68 00000074 00000000        DCD              TIM1_BRK_UP_TRG_COM_IRQHandler 
                                                            ; TIM1 Break, Updat
                                                            e, Trigger and Comm
                                                            utation Interrupts 
                                                             
   69 00000078 00000000        DCD              TIM1_CC_IRQHandler ; TIM1 Captu



ARM Macro Assembler    Page 3 


                                                            re Compare Interrup
                                                            t                  
                                                                    
   70 0000007C 00000000        DCD              0           ;                  
                                                                               
                                                                  
   71 00000080 00000000        DCD              TIM3_IRQHandler ; TIM3 Interrup
                                                            t                  
                                                                               
                                                                 
   72 00000084 00000000        DCD              0           ;
   73 00000088 00000000        DCD              0           ;
   74 0000008C 00000000        DCD              TIM14_IRQHandler ; TIM14 Interr
                                                            upt                
                                                                               
                                                                  
   75 00000090 00000000        DCD              0           ;
   76 00000094 00000000        DCD              0           ;                  
                                                                               
                                                                 
   77 00000098 00000000        DCD              0           ;                  
                                                                               
                                                                 
   78 0000009C 00000000        DCD              I2C1_IRQHandler ; I2C1 Interrup
                                                            t                  
                                                                               
                                                                 
   79 000000A0 00000000        DCD              0           ;
   80 000000A4 00000000        DCD              SPI1_IRQHandler ; SPI1 Interrup
                                                            t                  
                                                                               
                                                                 
   81 000000A8 00000000        DCD              0           ;
   82 000000AC 00000000        DCD              UART1_IRQHandler ; UART1 Interr
                                                            upt                
                                                                               
                                                                  
   83 000000B0 00000000        DCD              UART2_IRQHandler ; UART2 Interr
                                                            upt                
                                                                               
                                                                  
   84 000000B4         
   85 000000B4         
   86 000000B4         __Vectors_End
   87 000000B4         
   88 000000B4 000000B4 
                       __Vectors_Size
                               EQU              __Vectors_End - __Vectors
   89 000000B4         
   90 000000B4                 AREA             |.text|, CODE, READONLY
   91 00000000         
   92 00000000         ; Reset handler routine
   93 00000000         Reset_Handler
                               PROC
   94 00000000                 EXPORT           Reset_Handler                 [
WEAK]
   95 00000000                 IMPORT           __main
   96 00000000                 IMPORT           SystemInit
   97 00000000         



ARM Macro Assembler    Page 4 


   98 00000000         
   99 00000000         
  100 00000000 480E            LDR              R0, =__initial_sp ; set stack p
                                                            ointer 
  101 00000002 F380 8808       MSR              MSP, R0
  102 00000006         
  103 00000006         ;Check if boot space corresponds to test memory 
  104 00000006         
  105 00000006 480E            LDR              R0,=0x00000004
  106 00000008 6801            LDR              R1, [R0]
  107 0000000A 0E09            LSRS             R1, R1, #24
  108 0000000C 4A0D            LDR              R2,=0x1F
  109 0000000E 4291            CMP              R1, R2
  110 00000010         
  111 00000010 D105            BNE              ApplicationStart
  112 00000012         
  113 00000012         ; SYSCFG clock enable    
  114 00000012         
  115 00000012 480D            LDR              R0,=0x40021018
  116 00000014 490D            LDR              R1,=0x00000001
  117 00000016 6001            STR              R1, [R0]
  118 00000018         
  119 00000018         ; Set CFGR1 register with flash memory remap at address 
                       0
  120 00000018         
  121 00000018 480D            LDR              R0,=0x40010000
  122 0000001A 490E            LDR              R1,=0x00000000
  123 0000001C 6001            STR              R1, [R0]
  124 0000001E         ApplicationStart
  125 0000001E 480E            LDR              R0, =SystemInit
  126 00000020 4780            BLX              R0
  127 00000022 480E            LDR              R0, =__main
  128 00000024 4700            BX               R0
  129 00000026                 ENDP
  130 00000026         
  131 00000026         ; Dummy Exception Handlers (infinite loops which can be 
                       modified)
  132 00000026         
  133 00000026         NMI_Handler
                               PROC
  134 00000026                 EXPORT           NMI_Handler                    
[WEAK]
  135 00000026 E7FE            B                .
  136 00000028                 ENDP
  138 00000028         HardFault_Handler
                               PROC
  139 00000028                 EXPORT           HardFault_Handler              
[WEAK]
  140 00000028 E7FE            B                .
  141 0000002A                 ENDP
  143 0000002A         MemManage_Handler
                               PROC
  144 0000002A                 EXPORT           MemManage_Handler              
[WEAK]
  145 0000002A E7FE            B                .
  146 0000002C                 ENDP
  148 0000002C         BusFault_Handler
                               PROC
  149 0000002C                 EXPORT           BusFault_Handler               



ARM Macro Assembler    Page 5 


[WEAK]
  150 0000002C E7FE            B                .
  151 0000002E                 ENDP
  153 0000002E         UsageFault_Handler
                               PROC
  154 0000002E                 EXPORT           UsageFault_Handler             
[WEAK]
  155 0000002E E7FE            B                .
  156 00000030                 ENDP
  157 00000030         SVC_Handler
                               PROC
  158 00000030                 EXPORT           SVC_Handler                    
[WEAK]
  159 00000030 E7FE            B                .
  160 00000032                 ENDP
  162 00000032         DebugMon_Handler
                               PROC
  163 00000032                 EXPORT           DebugMon_Handler               
[WEAK]
  164 00000032 E7FE            B                .
  165 00000034                 ENDP
  166 00000034         PendSV_Handler
                               PROC
  167 00000034                 EXPORT           PendSV_Handler                 
[WEAK]
  168 00000034 E7FE            B                .
  169 00000036                 ENDP
  170 00000036         SysTick_Handler
                               PROC
  171 00000036                 EXPORT           SysTick_Handler                
[WEAK]
  172 00000036 E7FE            B                .
  173 00000038                 ENDP
  174 00000038         
  175 00000038         Default_Handler
                               PROC
  176 00000038         
  177 00000038         
  178 00000038                 EXPORT           WWDG_IWDG_IRQHandler           
[WEAK]
  179 00000038                 EXPORT           PVD_IRQHandler                 
[WEAK]
  180 00000038                 EXPORT           FLASH_IRQHandler               
[WEAK]
  181 00000038                 EXPORT           RCC_IRQHandler                 
[WEAK]
  182 00000038                 EXPORT           EXTI0_1_IRQHandler             
[WEAK]
  183 00000038                 EXPORT           EXTI2_3_IRQHandler             
[WEAK]
  184 00000038                 EXPORT           EXTI4_15_IRQHandler            
[WEAK]
  185 00000038                 EXPORT           ADC1_IRQHandler                
[WEAK]
  186 00000038                 EXPORT           TIM1_BRK_UP_TRG_COM_IRQHandler 
[WEAK]
  187 00000038                 EXPORT           TIM1_CC_IRQHandler             
[WEAK]
  188 00000038                 EXPORT           TIM3_IRQHandler                



ARM Macro Assembler    Page 6 


[WEAK]
  189 00000038                 EXPORT           TIM14_IRQHandler               
[WEAK]
  190 00000038                 EXPORT           I2C1_IRQHandler                
[WEAK]
  191 00000038                 EXPORT           SPI1_IRQHandler                
[WEAK]
  192 00000038                 EXPORT           UART1_IRQHandler               
[WEAK]
  193 00000038                 EXPORT           UART2_IRQHandler               
[WEAK]
  194 00000038         
  195 00000038         
  196 00000038         WWDG_IWDG_IRQHandler
  197 00000038         PVD_IRQHandler
  198 00000038         FLASH_IRQHandler
  199 00000038         RCC_IRQHandler
  200 00000038         EXTI0_1_IRQHandler
  201 00000038         EXTI2_3_IRQHandler
  202 00000038         EXTI4_15_IRQHandler
  203 00000038         ADC1_IRQHandler
  204 00000038         TIM1_BRK_UP_TRG_COM_IRQHandler
  205 00000038         TIM1_CC_IRQHandler
  206 00000038         TIM3_IRQHandler
  207 00000038         TIM14_IRQHandler
  208 00000038         I2C1_IRQHandler
  209 00000038         SPI1_IRQHandler
  210 00000038         UART1_IRQHandler
  211 00000038         UART2_IRQHandler
  212 00000038         
  213 00000038         
  214 00000038 E7FE            B                .
  215 0000003A         
  216 0000003A                 ENDP
  217 0000003A         
  218 0000003A 00 00           ALIGN
  219 0000003C         
  220 0000003C         ;*******************************************************
                       ************************
  221 0000003C         ; User Stack and Heap initialization
  222 0000003C         ;*******************************************************
                       ************************
  223 0000003C                 IF               :DEF:__MICROLIB
  224 0000003C         
  225 0000003C                 EXPORT           __initial_sp
  226 0000003C                 EXPORT           __heap_base
  227 0000003C                 EXPORT           __heap_limit
  228 0000003C         
  229 0000003C                 ELSE
  244                          ENDIF
  245 0000003C         
  246 0000003C                 END
              00000000 
              00000004 
              0000001F 
              40021018 
              00000001 
              40010000 
              00000000 



ARM Macro Assembler    Page 7 


              00000000 
              00000000 
Command Line: --debug --xref --diag_suppress=9931 --cpu=Cortex-M0 --apcs=interw
ork --depend=.\objects\startup_mm32f0010_keil.d -o.\objects\startup_mm32f0010_k
eil.o -I.\RTE\_XenD101 -ID:\Users\admin\AppData\Local\Arm\Packs\ARM\CMSIS\5.6.0
\CMSIS\Core\Include -ID:\Users\admin\AppData\Local\Arm\Packs\ARM\CMSIS\5.6.0\CM
SIS\DSP\Include --predefine="__MICROLIB SETA 1" --predefine="__UVISION_VERSION 
SETA 529" --predefine="_RTE_ SETA 1" --list=.\listings\startup_mm32f0010_keil.l
st ..\..\Driver\mm32f0010\startup\src\startup_mm32f0010_keil.s



ARM Macro Assembler    Page 1 Alphabetic symbol ordering
Relocatable symbols

STACK 00000000

Symbol: STACK
   Definitions
      At line 10 in file ..\..\Driver\mm32f0010\startup\src\startup_mm32f0010_k
eil.s
   Uses
      None
Comment: STACK unused
Stack_Mem 00000000

Symbol: Stack_Mem
   Definitions
      At line 11 in file ..\..\Driver\mm32f0010\startup\src\startup_mm32f0010_k
eil.s
   Uses
      None
Comment: Stack_Mem unused
__initial_sp 00000150

Symbol: __initial_sp
   Definitions
      At line 12 in file ..\..\Driver\mm32f0010\startup\src\startup_mm32f0010_k
eil.s
   Uses
      At line 36 in file ..\..\Driver\mm32f0010\startup\src\startup_mm32f0010_k
eil.s
      At line 100 in file ..\..\Driver\mm32f0010\startup\src\startup_mm32f0010_
keil.s
      At line 225 in file ..\..\Driver\mm32f0010\startup\src\startup_mm32f0010_
keil.s

3 symbols



ARM Macro Assembler    Page 1 Alphabetic symbol ordering
Relocatable symbols

HEAP 00000000

Symbol: HEAP
   Definitions
      At line 21 in file ..\..\Driver\mm32f0010\startup\src\startup_mm32f0010_k
eil.s
   Uses
      None
Comment: HEAP unused
Heap_Mem 00000000

Symbol: Heap_Mem
   Definitions
      At line 23 in file ..\..\Driver\mm32f0010\startup\src\startup_mm32f0010_k
eil.s
   Uses
      None
Comment: Heap_Mem unused
__heap_base 00000000

Symbol: __heap_base
   Definitions
      At line 22 in file ..\..\Driver\mm32f0010\startup\src\startup_mm32f0010_k
eil.s
   Uses
      At line 226 in file ..\..\Driver\mm32f0010\startup\src\startup_mm32f0010_
keil.s
Comment: __heap_base used once
__heap_limit 00000000

Symbol: __heap_limit
   Definitions
      At line 24 in file ..\..\Driver\mm32f0010\startup\src\startup_mm32f0010_k
eil.s
   Uses
      At line 227 in file ..\..\Driver\mm32f0010\startup\src\startup_mm32f0010_
keil.s
Comment: __heap_limit used once
4 symbols



ARM Macro Assembler    Page 1 Alphabetic symbol ordering
Relocatable symbols

RESET 00000000

Symbol: RESET
   Definitions
      At line 31 in file ..\..\Driver\mm32f0010\startup\src\startup_mm32f0010_k
eil.s
   Uses
      None
Comment: RESET unused
__Vectors 00000000

Symbol: __Vectors
   Definitions
      At line 36 in file ..\..\Driver\mm32f0010\startup\src\startup_mm32f0010_k
eil.s
   Uses
      At line 32 in file ..\..\Driver\mm32f0010\startup\src\startup_mm32f0010_k
eil.s
      At line 88 in file ..\..\Driver\mm32f0010\startup\src\startup_mm32f0010_k
eil.s

__Vectors_End 000000B4

Symbol: __Vectors_End
   Definitions
      At line 86 in file ..\..\Driver\mm32f0010\startup\src\startup_mm32f0010_k
eil.s
   Uses
      At line 33 in file ..\..\Driver\mm32f0010\startup\src\startup_mm32f0010_k
eil.s
      At line 88 in file ..\..\Driver\mm32f0010\startup\src\startup_mm32f0010_k
eil.s

3 symbols



ARM Macro Assembler    Page 1 Alphabetic symbol ordering
Relocatable symbols

.text 00000000

Symbol: .text
   Definitions
      At line 90 in file ..\..\Driver\mm32f0010\startup\src\startup_mm32f0010_k
eil.s
   Uses
      None
Comment: .text unused
ADC1_IRQHandler 00000038

Symbol: ADC1_IRQHandler
   Definitions
      At line 203 in file ..\..\Driver\mm32f0010\startup\src\startup_mm32f0010_
keil.s
   Uses
      At line 67 in file ..\..\Driver\mm32f0010\startup\src\startup_mm32f0010_k
eil.s
      At line 185 in file ..\..\Driver\mm32f0010\startup\src\startup_mm32f0010_
keil.s

ApplicationStart 0000001E

Symbol: ApplicationStart
   Definitions
      At line 124 in file ..\..\Driver\mm32f0010\startup\src\startup_mm32f0010_
keil.s
   Uses
      At line 111 in file ..\..\Driver\mm32f0010\startup\src\startup_mm32f0010_
keil.s
Comment: ApplicationStart used once
BusFault_Handler 0000002C

Symbol: BusFault_Handler
   Definitions
      At line 148 in file ..\..\Driver\mm32f0010\startup\src\startup_mm32f0010_
keil.s
   Uses
      At line 41 in file ..\..\Driver\mm32f0010\startup\src\startup_mm32f0010_k
eil.s
      At line 149 in file ..\..\Driver\mm32f0010\startup\src\startup_mm32f0010_
keil.s

DebugMon_Handler 00000032

Symbol: DebugMon_Handler
   Definitions
      At line 162 in file ..\..\Driver\mm32f0010\startup\src\startup_mm32f0010_
keil.s
   Uses
      At line 48 in file ..\..\Driver\mm32f0010\startup\src\startup_mm32f0010_k
eil.s
      At line 163 in file ..\..\Driver\mm32f0010\startup\src\startup_mm32f0010_
keil.s

Default_Handler 00000038

Symbol: Default_Handler
   Definitions



ARM Macro Assembler    Page 2 Alphabetic symbol ordering
Relocatable symbols

      At line 175 in file ..\..\Driver\mm32f0010\startup\src\startup_mm32f0010_
keil.s
   Uses
      None
Comment: Default_Handler unused
EXTI0_1_IRQHandler 00000038

Symbol: EXTI0_1_IRQHandler
   Definitions
      At line 200 in file ..\..\Driver\mm32f0010\startup\src\startup_mm32f0010_
keil.s
   Uses
      At line 60 in file ..\..\Driver\mm32f0010\startup\src\startup_mm32f0010_k
eil.s
      At line 182 in file ..\..\Driver\mm32f0010\startup\src\startup_mm32f0010_
keil.s

EXTI2_3_IRQHandler 00000038

Symbol: EXTI2_3_IRQHandler
   Definitions
      At line 201 in file ..\..\Driver\mm32f0010\startup\src\startup_mm32f0010_
keil.s
   Uses
      At line 61 in file ..\..\Driver\mm32f0010\startup\src\startup_mm32f0010_k
eil.s
      At line 183 in file ..\..\Driver\mm32f0010\startup\src\startup_mm32f0010_
keil.s

EXTI4_15_IRQHandler 00000038

Symbol: EXTI4_15_IRQHandler
   Definitions
      At line 202 in file ..\..\Driver\mm32f0010\startup\src\startup_mm32f0010_
keil.s
   Uses
      At line 62 in file ..\..\Driver\mm32f0010\startup\src\startup_mm32f0010_k
eil.s
      At line 184 in file ..\..\Driver\mm32f0010\startup\src\startup_mm32f0010_
keil.s

FLASH_IRQHandler 00000038

Symbol: FLASH_IRQHandler
   Definitions
      At line 198 in file ..\..\Driver\mm32f0010\startup\src\startup_mm32f0010_
keil.s
   Uses
      At line 58 in file ..\..\Driver\mm32f0010\startup\src\startup_mm32f0010_k
eil.s
      At line 180 in file ..\..\Driver\mm32f0010\startup\src\startup_mm32f0010_
keil.s

HardFault_Handler 00000028

Symbol: HardFault_Handler
   Definitions
      At line 138 in file ..\..\Driver\mm32f0010\startup\src\startup_mm32f0010_
keil.s



ARM Macro Assembler    Page 3 Alphabetic symbol ordering
Relocatable symbols

   Uses
      At line 39 in file ..\..\Driver\mm32f0010\startup\src\startup_mm32f0010_k
eil.s
      At line 139 in file ..\..\Driver\mm32f0010\startup\src\startup_mm32f0010_
keil.s

I2C1_IRQHandler 00000038

Symbol: I2C1_IRQHandler
   Definitions
      At line 208 in file ..\..\Driver\mm32f0010\startup\src\startup_mm32f0010_
keil.s
   Uses
      At line 78 in file ..\..\Driver\mm32f0010\startup\src\startup_mm32f0010_k
eil.s
      At line 190 in file ..\..\Driver\mm32f0010\startup\src\startup_mm32f0010_
keil.s

MemManage_Handler 0000002A

Symbol: MemManage_Handler
   Definitions
      At line 143 in file ..\..\Driver\mm32f0010\startup\src\startup_mm32f0010_
keil.s
   Uses
      At line 40 in file ..\..\Driver\mm32f0010\startup\src\startup_mm32f0010_k
eil.s
      At line 144 in file ..\..\Driver\mm32f0010\startup\src\startup_mm32f0010_
keil.s

NMI_Handler 00000026

Symbol: NMI_Handler
   Definitions
      At line 133 in file ..\..\Driver\mm32f0010\startup\src\startup_mm32f0010_
keil.s
   Uses
      At line 38 in file ..\..\Driver\mm32f0010\startup\src\startup_mm32f0010_k
eil.s
      At line 134 in file ..\..\Driver\mm32f0010\startup\src\startup_mm32f0010_
keil.s

PVD_IRQHandler 00000038

Symbol: PVD_IRQHandler
   Definitions
      At line 197 in file ..\..\Driver\mm32f0010\startup\src\startup_mm32f0010_
keil.s
   Uses
      At line 56 in file ..\..\Driver\mm32f0010\startup\src\startup_mm32f0010_k
eil.s
      At line 179 in file ..\..\Driver\mm32f0010\startup\src\startup_mm32f0010_
keil.s

PendSV_Handler 00000034

Symbol: PendSV_Handler
   Definitions
      At line 166 in file ..\..\Driver\mm32f0010\startup\src\startup_mm32f0010_



ARM Macro Assembler    Page 4 Alphabetic symbol ordering
Relocatable symbols

keil.s
   Uses
      At line 50 in file ..\..\Driver\mm32f0010\startup\src\startup_mm32f0010_k
eil.s
      At line 167 in file ..\..\Driver\mm32f0010\startup\src\startup_mm32f0010_
keil.s

RCC_IRQHandler 00000038

Symbol: RCC_IRQHandler
   Definitions
      At line 199 in file ..\..\Driver\mm32f0010\startup\src\startup_mm32f0010_
keil.s
   Uses
      At line 59 in file ..\..\Driver\mm32f0010\startup\src\startup_mm32f0010_k
eil.s
      At line 181 in file ..\..\Driver\mm32f0010\startup\src\startup_mm32f0010_
keil.s

Reset_Handler 00000000

Symbol: Reset_Handler
   Definitions
      At line 93 in file ..\..\Driver\mm32f0010\startup\src\startup_mm32f0010_k
eil.s
   Uses
      At line 37 in file ..\..\Driver\mm32f0010\startup\src\startup_mm32f0010_k
eil.s
      At line 94 in file ..\..\Driver\mm32f0010\startup\src\startup_mm32f0010_k
eil.s

SPI1_IRQHandler 00000038

Symbol: SPI1_IRQHandler
   Definitions
      At line 209 in file ..\..\Driver\mm32f0010\startup\src\startup_mm32f0010_
keil.s
   Uses
      At line 80 in file ..\..\Driver\mm32f0010\startup\src\startup_mm32f0010_k
eil.s
      At line 191 in file ..\..\Driver\mm32f0010\startup\src\startup_mm32f0010_
keil.s

SVC_Handler 00000030

Symbol: SVC_Handler
   Definitions
      At line 157 in file ..\..\Driver\mm32f0010\startup\src\startup_mm32f0010_
keil.s
   Uses
      At line 47 in file ..\..\Driver\mm32f0010\startup\src\startup_mm32f0010_k
eil.s
      At line 158 in file ..\..\Driver\mm32f0010\startup\src\startup_mm32f0010_
keil.s

SysTick_Handler 00000036

Symbol: SysTick_Handler
   Definitions



ARM Macro Assembler    Page 5 Alphabetic symbol ordering
Relocatable symbols

      At line 170 in file ..\..\Driver\mm32f0010\startup\src\startup_mm32f0010_
keil.s
   Uses
      At line 51 in file ..\..\Driver\mm32f0010\startup\src\startup_mm32f0010_k
eil.s
      At line 171 in file ..\..\Driver\mm32f0010\startup\src\startup_mm32f0010_
keil.s

TIM14_IRQHandler 00000038

Symbol: TIM14_IRQHandler
   Definitions
      At line 207 in file ..\..\Driver\mm32f0010\startup\src\startup_mm32f0010_
keil.s
   Uses
      At line 74 in file ..\..\Driver\mm32f0010\startup\src\startup_mm32f0010_k
eil.s
      At line 189 in file ..\..\Driver\mm32f0010\startup\src\startup_mm32f0010_
keil.s

TIM1_BRK_UP_TRG_COM_IRQHandler 00000038

Symbol: TIM1_BRK_UP_TRG_COM_IRQHandler
   Definitions
      At line 204 in file ..\..\Driver\mm32f0010\startup\src\startup_mm32f0010_
keil.s
   Uses
      At line 68 in file ..\..\Driver\mm32f0010\startup\src\startup_mm32f0010_k
eil.s
      At line 186 in file ..\..\Driver\mm32f0010\startup\src\startup_mm32f0010_
keil.s

TIM1_CC_IRQHandler 00000038

Symbol: TIM1_CC_IRQHandler
   Definitions
      At line 205 in file ..\..\Driver\mm32f0010\startup\src\startup_mm32f0010_
keil.s
   Uses
      At line 69 in file ..\..\Driver\mm32f0010\startup\src\startup_mm32f0010_k
eil.s
      At line 187 in file ..\..\Driver\mm32f0010\startup\src\startup_mm32f0010_
keil.s

TIM3_IRQHandler 00000038

Symbol: TIM3_IRQHandler
   Definitions
      At line 206 in file ..\..\Driver\mm32f0010\startup\src\startup_mm32f0010_
keil.s
   Uses
      At line 71 in file ..\..\Driver\mm32f0010\startup\src\startup_mm32f0010_k
eil.s
      At line 188 in file ..\..\Driver\mm32f0010\startup\src\startup_mm32f0010_
keil.s

UART1_IRQHandler 00000038

Symbol: UART1_IRQHandler



ARM Macro Assembler    Page 6 Alphabetic symbol ordering
Relocatable symbols

   Definitions
      At line 210 in file ..\..\Driver\mm32f0010\startup\src\startup_mm32f0010_
keil.s
   Uses
      At line 82 in file ..\..\Driver\mm32f0010\startup\src\startup_mm32f0010_k
eil.s
      At line 192 in file ..\..\Driver\mm32f0010\startup\src\startup_mm32f0010_
keil.s

UART2_IRQHandler 00000038

Symbol: UART2_IRQHandler
   Definitions
      At line 211 in file ..\..\Driver\mm32f0010\startup\src\startup_mm32f0010_
keil.s
   Uses
      At line 83 in file ..\..\Driver\mm32f0010\startup\src\startup_mm32f0010_k
eil.s
      At line 193 in file ..\..\Driver\mm32f0010\startup\src\startup_mm32f0010_
keil.s

UsageFault_Handler 0000002E

Symbol: UsageFault_Handler
   Definitions
      At line 153 in file ..\..\Driver\mm32f0010\startup\src\startup_mm32f0010_
keil.s
   Uses
      At line 42 in file ..\..\Driver\mm32f0010\startup\src\startup_mm32f0010_k
eil.s
      At line 154 in file ..\..\Driver\mm32f0010\startup\src\startup_mm32f0010_
keil.s

WWDG_IWDG_IRQHandler 00000038

Symbol: WWDG_IWDG_IRQHandler
   Definitions
      At line 196 in file ..\..\Driver\mm32f0010\startup\src\startup_mm32f0010_
keil.s
   Uses
      At line 55 in file ..\..\Driver\mm32f0010\startup\src\startup_mm32f0010_k
eil.s
      At line 178 in file ..\..\Driver\mm32f0010\startup\src\startup_mm32f0010_
keil.s

29 symbols



ARM Macro Assembler    Page 1 Alphabetic symbol ordering
Absolute symbols

Heap_Size 00000000

Symbol: Heap_Size
   Definitions
      At line 19 in file ..\..\Driver\mm32f0010\startup\src\startup_mm32f0010_k
eil.s
   Uses
      At line 23 in file ..\..\Driver\mm32f0010\startup\src\startup_mm32f0010_k
eil.s
Comment: Heap_Size used once
Stack_Size 00000150

Symbol: Stack_Size
   Definitions
      At line 8 in file ..\..\Driver\mm32f0010\startup\src\startup_mm32f0010_ke
il.s
   Uses
      At line 11 in file ..\..\Driver\mm32f0010\startup\src\startup_mm32f0010_k
eil.s
Comment: Stack_Size used once
__Vectors_Size 000000B4

Symbol: __Vectors_Size
   Definitions
      At line 88 in file ..\..\Driver\mm32f0010\startup\src\startup_mm32f0010_k
eil.s
   Uses
      At line 34 in file ..\..\Driver\mm32f0010\startup\src\startup_mm32f0010_k
eil.s
Comment: __Vectors_Size used once
3 symbols



ARM Macro Assembler    Page 1 Alphabetic symbol ordering
External symbols

SystemInit 00000000

Symbol: SystemInit
   Definitions
      At line 96 in file ..\..\Driver\mm32f0010\startup\src\startup_mm32f0010_k
eil.s
   Uses
      At line 125 in file ..\..\Driver\mm32f0010\startup\src\startup_mm32f0010_
keil.s
Comment: SystemInit used once
__main 00000000

Symbol: __main
   Definitions
      At line 95 in file ..\..\Driver\mm32f0010\startup\src\startup_mm32f0010_k
eil.s
   Uses
      At line 127 in file ..\..\Driver\mm32f0010\startup\src\startup_mm32f0010_
keil.s
Comment: __main used once
2 symbols
379 symbols in table
